src/
src/GNUmakefile
src/IMB.c
src/IMB_allgather.c
src/IMB_allgatherv.c
src/IMB_allreduce.c
src/IMB_alltoall.c
src/IMB_alltoallv.c
src/IMB_appl_errors.h
src/IMB_barrier.c
src/IMB_bcast.c
src/IMB_benchlist.c
src/IMB_benchmark.h
src/IMB_bnames_ext.h
src/IMB_bnames_io.h
src/IMB_bnames_mpi1.h
src/IMB_cache.h
src/IMB_chk_diff.c
src/IMB_comm_info.h
src/IMB_comments.h
src/IMB_cpu_exploit.c
src/IMB_declare.c
src/IMB_declare.h
src/IMB_err_check.h
src/IMB_err_handler.c
src/IMB_exchange.c
src/IMB_g_info.c
src/IMB_gather.c
src/IMB_gatherv.c
src/IMB_init.c
src/IMB_init_file.c
src/IMB_init_transfer.c
src/IMB_mem_info.h
src/IMB_mem_manager.c
src/IMB_ones_accu.c
src/IMB_ones_bidir.c
src/IMB_ones_unidir.c
src/IMB_open_close.c
src/IMB_output.c
src/IMB_parse_name_ext.c
src/IMB_parse_name_io.c
src/IMB_parse_name_mpi1.c
src/IMB_pingping.c
src/IMB_pingpong.c
src/IMB_prototypes.h
src/IMB_read.c
src/IMB_reduce.c
src/IMB_reduce_scatter.c
src/IMB_scatter.c
src/IMB_scatterv.c
src/IMB_sendrecv.c
src/IMB_settings.h
src/IMB_settings_io.h
src/IMB_strgs.c
src/IMB_user_set_info.c
src/IMB_warm_up.c
src/IMB_window.c
src/IMB_write.c
src/Makefile.base
src/make_ict
src/make_mpich
license/
license/license.txt
license/use-of-trademark-license.txt
doc/
doc/IMB_Users_Guide.pdf
doc/ReadMe_IMB.txt
 
This Makefile uses make_ict to build IMB 
based on "ICT" (Intel(R) Cluster Toolkit)
 
Targets: MPI1 (default), EXT, IO, all, clean
         MPI1 builds the MPI-1 standard benchmarks
         EXT builds the one sided communications benchmarks
         IO builds the MPI-File I\/O benchmarks
         all = MPI1+EXT+IO
 
When an Intel(r) MPI Library install and mpiicc path exists,
this should work immediately.
 
Alternatively, use 
 
gmake -f make_mpich
 
to install an mpich or similar version; for this,
you normally have to edit at least the MPI_HOME
variable provided in make_mpich
 
gmake -f make_ict IMB-MPI1
gmake[1]: Entering directory `/home/bio006/home_cream_964787934/CREAM964787934/src'
sleep 1; touch exe_mpi1 *.c; rm -rf exe_io exe_ext
gmake -f Makefile.base MPI1 CPP=MPI1
gmake[2]: Entering directory `/home/bio006/home_cream_964787934/CREAM964787934/src'
mpicc   -DMPI1  -c IMB.c
mpicc   -DMPI1  -c IMB_declare.c
mpicc   -DMPI1  -c IMB_init.c
mpicc   -DMPI1  -c IMB_mem_manager.c
mpicc   -DMPI1  -c IMB_parse_name_mpi1.c
mpicc   -DMPI1  -c IMB_benchlist.c
mpicc   -DMPI1  -c IMB_strgs.c
mpicc   -DMPI1  -c IMB_err_handler.c
mpicc   -DMPI1  -c IMB_g_info.c
mpicc   -DMPI1  -c IMB_warm_up.c
mpicc   -DMPI1  -c IMB_output.c
mpicc   -DMPI1  -c IMB_pingpong.c
mpicc   -DMPI1  -c IMB_pingping.c
mpicc   -DMPI1  -c IMB_allreduce.c
mpicc   -DMPI1  -c IMB_reduce_scatter.c
mpicc   -DMPI1  -c IMB_reduce.c
mpicc   -DMPI1  -c IMB_exchange.c
mpicc   -DMPI1  -c IMB_bcast.c
mpicc   -DMPI1  -c IMB_barrier.c
mpicc   -DMPI1  -c IMB_allgather.c
mpicc   -DMPI1  -c IMB_allgatherv.c
mpicc   -DMPI1  -c IMB_gather.c
mpicc   -DMPI1  -c IMB_gatherv.c
mpicc   -DMPI1  -c IMB_scatter.c
mpicc   -DMPI1  -c IMB_scatterv.c
mpicc   -DMPI1  -c IMB_alltoall.c
mpicc   -DMPI1  -c IMB_alltoallv.c
mpicc   -DMPI1  -c IMB_sendrecv.c
mpicc   -DMPI1  -c IMB_init_transfer.c
mpicc   -DMPI1  -c IMB_chk_diff.c
mpicc   -DMPI1  -c IMB_cpu_exploit.c
mpicc   -o IMB-MPI1 IMB.o IMB_declare.o  IMB_init.o IMB_mem_manager.o IMB_parse_name_mpi1.o  IMB_benchlist.o IMB_strgs.o IMB_err_handler.o IMB_g_info.o  IMB_warm_up.o IMB_output.o IMB_pingpong.o IMB_pingping.o IMB_allreduce.o IMB_reduce_scatter.o IMB_reduce.o IMB_exchange.o IMB_bcast.o IMB_barrier.o IMB_allgather.o IMB_allgatherv.o IMB_gather.o IMB_gatherv.o IMB_scatter.o IMB_scatterv.o IMB_alltoall.o IMB_alltoallv.o IMB_sendrecv.o IMB_init_transfer.o  IMB_chk_diff.o IMB_cpu_exploit.o   
gmake[2]: Leaving directory `/home/bio006/home_cream_964787934/CREAM964787934/src'
gmake[1]: Leaving directory `/home/bio006/home_cream_964787934/CREAM964787934/src'
#---------------------------------------------------
#    Intel (R) MPI Benchmark Suite V3.2, MPI-1 part    
#---------------------------------------------------
# Date                  : Wed Feb  3 17:22:55 2016
# Machine               : x86_64
# System                : Linux
# Release               : 2.6.32-504.3.3.el6.x86_64
# Version               : #1 SMP Tue Dec 16 14:29:22 CST 2014
# MPI Version           : 2.1
# MPI Thread Environment: MPI_THREAD_SINGLE


# New default behavior from Version 3.2 on:

# the number of iterations per message size is cut down 
# dynamically when a certain run time (per message size sample) 
# is expected to be exceeded. Time limit is defined by variable 
# "SECS_PER_SAMPLE" (=> IMB_settings.h) 
# or through the flag => -time 
  


# Calling sequence was: 

# /home/bio006/home_cream_964787934/CREAM964787934/IMB-MPI1

# Minimum message length in bytes:   0
# Maximum message length in bytes:   4194304
#
# MPI_Datatype                   :   MPI_BYTE 
# MPI_Datatype for reductions    :   MPI_FLOAT
# MPI_Op                         :   MPI_SUM  
#
#

# List of Benchmarks to run:

# PingPong
# PingPing
# Sendrecv
# Exchange
# Allreduce
# Reduce
# Reduce_scatter
# Allgather
# Allgatherv
# Gather
# Gatherv
# Scatter
# Scatterv
# Alltoall
# Alltoallv
# Bcast
# Barrier

#---------------------------------------------------
# Benchmarking PingPong 
# #processes = 2 
# ( 2 additional processes waiting in MPI_Barrier)
#---------------------------------------------------
       #bytes #repetitions      t[usec]   Mbytes/sec
            0         1000         1.01         0.00
            1         1000         1.14         0.84
            2         1000         0.93         2.04
            4         1000         1.00         3.83
            8         1000         1.08         7.05
           16         1000         0.91        16.78
           32         1000         0.99        30.76
           64         1000         1.07        57.02
          128         1000         1.12       108.74
          256         1000         1.20       203.11
          512         1000         1.31       371.32
         1024         1000         1.61       605.96
         2048         1000         1.99       983.91
         4096         1000         4.16       939.80
         8192         1000         5.77      1355.03
        16384         1000         9.67      1616.50
        32768         1000        17.43      1792.94
        65536          640        29.63      2109.37
       131072          320        46.89      2665.86
       262144          160        85.12      2937.19
       524288           80       170.22      2937.39
      1048576           40       319.80      3126.96
      2097152           20       685.47      2917.70
      4194304           10      1478.65      2705.17

#---------------------------------------------------
# Benchmarking PingPing 
# #processes = 2 
# ( 2 additional processes waiting in MPI_Barrier)
#---------------------------------------------------
       #bytes #repetitions      t[usec]   Mbytes/sec
            0         1000         0.96         0.00
            1         1000         1.07         0.89
            2         1000         1.08         1.76
            4         1000         1.05         3.63
            8         1000         1.06         7.23
           16         1000         1.06        14.37
           32         1000         1.17        26.18
           64         1000         1.08        56.62
          128         1000         1.35        90.49
          256         1000         1.29       189.70
          512         1000         1.49       328.36
         1024         1000         1.66       588.93
         2048         1000         2.15       907.20
         4096         1000         4.59       850.15
         8192         1000         6.91      1131.26
        16384         1000        10.77      1450.52
        32768         1000        20.25      1543.59
        65536          640        40.99      1524.63
       131072          320        76.99      1623.58
       262144          160       159.89      1563.55
       524288           80       316.75      1578.53
      1048576           40       669.83      1492.93
      2097152           20      1247.85      1602.76
      4194304           10      2997.49      1334.45

#-----------------------------------------------------------------------------
# Benchmarking Sendrecv 
# #processes = 2 
# ( 2 additional processes waiting in MPI_Barrier)
#-----------------------------------------------------------------------------
       #bytes #repetitions  t_min[usec]  t_max[usec]  t_avg[usec]   Mbytes/sec
            0         1000         0.92         0.92         0.92         0.00
            1         1000         1.00         1.00         1.00         1.91
            2         1000         1.00         1.00         1.00         3.83
            4         1000         1.00         1.00         1.00         7.63
            8         1000         1.00         1.00         1.00        15.25
           16         1000         1.00         1.00         1.00        30.61
           32         1000         1.03         1.03         1.03        59.20
           64         1000         1.07         1.07         1.07       114.08
          128         1000         1.17         1.17         1.17       208.34
          256         1000         1.22         1.22         1.22       399.22
          512         1000         1.38         1.38         1.38       706.69
         1024         1000         1.58         1.58         1.58      1232.99
         2048         1000         2.08         2.08         2.08      1880.62
         4096         1000         4.90         4.90         4.90      1594.39
         8192         1000         9.06         9.06         9.06      1724.22
        16384         1000        11.24        11.24        11.24      2779.78
        32768         1000        19.42        19.42        19.42      3218.19
        65536          640        40.33        40.33        40.33      3099.43
       131072          320        88.13        88.13        88.13      2836.58
       262144          160       173.78       173.78       173.78      2877.17
       524288           80       355.75       355.75       355.75      2810.96
      1048576           40       665.30       665.32       665.31      3006.05
      2097152           20      1312.29      1312.34      1312.32      3047.99
      4194304           10      3012.90      3013.11      3013.00      2655.06

#-----------------------------------------------------------------------------
# Benchmarking Sendrecv 
# #processes = 4 
#-----------------------------------------------------------------------------
       #bytes #repetitions  t_min[usec]  t_max[usec]  t_avg[usec]   Mbytes/sec
            0         1000         1.20         1.20         1.20         0.00
            1         1000         1.25         1.25         1.25         1.53
            2         1000         1.23         1.23         1.23         3.10
            4         1000         1.21         1.21         1.21         6.32
            8         1000         1.21         1.21         1.21        12.63
           16         1000         1.22         1.22         1.22        25.11
           32         1000         1.21         1.21         1.21        50.57
           64         1000         1.24         1.24         1.24        98.29
          128         1000         1.36         1.36         1.36       179.15
          256         1000         1.43         1.43         1.43       341.90
          512         1000         1.51         1.51         1.51       644.94
         1024         1000         1.62         1.62         1.62      1207.73
         2048         1000         2.25         2.25         2.25      1734.49
         4096         1000         5.60         5.60         5.60      1395.57
         8192         1000         7.38         7.38         7.38      2118.10
        16384         1000        11.82        11.82        11.82      2642.95
        32768         1000        22.94        22.95        22.94      2723.89
        65536          640        80.38        80.40        80.39      1554.82
       131072          320       114.30       114.40       114.37      2185.32
       262144          160       222.04       222.29       222.20      2249.33
       524288           80       420.55       420.94       420.75      2375.65
      1048576           40       824.75       831.54       829.46      2405.16
      2097152           20      1892.65      1910.05      1902.85      2094.18
      4194304           10      5092.00      5165.00      5137.21      1548.89

#-----------------------------------------------------------------------------
# Benchmarking Exchange 
# #processes = 2 
# ( 2 additional processes waiting in MPI_Barrier)
#-----------------------------------------------------------------------------
       #bytes #repetitions  t_min[usec]  t_max[usec]  t_avg[usec]   Mbytes/sec
            0         1000         1.86         1.86         1.86         0.00
            1         1000         2.03         2.03         2.03         1.88
            2         1000         2.04         2.04         2.04         3.74
            4         1000         2.00         2.00         2.00         7.64
            8         1000         2.02         2.02         2.02        15.12
           16         1000         2.07         2.07         2.07        29.43
           32         1000         2.18         2.19         2.19        55.85
           64         1000         2.16         2.16         2.16       112.81
          128         1000         2.38         2.39         2.39       204.64
          256         1000         2.38         2.38         2.38       409.80
          512         1000         3.00         3.00         3.00       651.30
         1024         1000         3.28         3.28         3.28      1189.14
         2048         1000         4.03         4.03         4.03      1936.64
         4096         1000         9.43         9.43         9.43      1657.13
         8192         1000        13.96        13.96        13.96      2238.56
        16384         1000        22.08        22.08        22.08      2830.75
        32768         1000        40.13        40.13        40.13      3114.50
        65536          640        79.98        79.98        79.98      3125.62
       131072          320       161.57       161.58       161.58      3094.47
       262144          160       310.45       310.45       310.45      3221.12
       524288           80      1414.11      1414.11      1414.11      1414.32
      1048576           40      2545.37      2545.37      2545.37      1571.48
      2097152           20      2741.94      2742.00      2741.97      2917.57
      4194304           10      6308.08      6308.20      6308.14      2536.38

#-----------------------------------------------------------------------------
# Benchmarking Exchange 
# #processes = 4 
#-----------------------------------------------------------------------------
       #bytes #repetitions  t_min[usec]  t_max[usec]  t_avg[usec]   Mbytes/sec
            0         1000         2.31         2.31         2.31         0.00
            1         1000         2.45         2.45         2.45         1.56
            2         1000         4.07         4.07         4.07         1.87
            4         1000         2.42         2.42         2.42         6.30
            8         1000         2.44         2.45         2.45        12.47
           16         1000         2.47         2.48         2.48        24.65
           32         1000         2.47         2.47         2.47        49.40
           64         1000         2.47         2.47         2.47        98.77
          128         1000         2.66         2.66         2.66       183.50
          256         1000         2.75         2.75         2.75       354.60
          512         1000         3.02         3.02         3.02       647.38
         1024         1000         3.54         3.55         3.55      1101.59
         2048         1000         4.05         4.05         4.05      1927.64
         4096         1000         9.97         9.97         9.97      1566.42
         8192         1000        14.10        14.10        14.10      2215.81
        16384         1000        22.25        22.25        22.25      2808.73
        32768         1000        48.18        48.18        48.18      2594.60
        65536          640       107.13       107.19       107.17      2332.26
       131072          320       234.11       234.23       234.20      2134.64
       262144          160       448.95       449.40       449.24      2225.18
       524288           80      1352.06      1357.20      1355.14      1473.62
      1048576           40      2659.42      2667.80      2665.36      1499.36
      2097152           20      7890.75      7905.21      7897.99      1011.99
      4194304           10     30355.79     30487.30     30421.60       524.81

#----------------------------------------------------------------
# Benchmarking Allreduce 
# #processes = 2 
# ( 2 additional processes waiting in MPI_Barrier)
#----------------------------------------------------------------
       #bytes #repetitions  t_min[usec]  t_max[usec]  t_avg[usec]
            0         1000         0.03         0.03         0.03
            4         1000         1.37         1.37         1.37
            8         1000         1.28         1.28         1.28
           16         1000         1.36         1.36         1.36
           32         1000         1.30         1.30         1.30
           64         1000         1.34         1.34         1.34
          128         1000         1.55         1.55         1.55
          256         1000         1.66         1.66         1.66
          512         1000         2.10         2.10         2.10
         1024         1000         2.51         2.51         2.51
         2048         1000         3.41         3.41         3.41
         4096         1000         7.23         7.23         7.23
         8192         1000        11.47        11.47        11.47
        16384         1000        18.78        18.78        18.78
        32768         1000        51.38        51.38        51.38
        65536          640        71.32        71.32        71.32
       131072          320       257.76       257.76       257.76
       262144          160       661.69       661.76       661.72
       524288           80       622.25       622.30       622.28
      1048576           40      1899.47      1899.60      1899.54
      2097152           20      2699.76      2700.26      2700.01
      4194304           10      6230.09      6232.19      6231.14

#----------------------------------------------------------------
# Benchmarking Allreduce 
# #processes = 4 
#----------------------------------------------------------------
       #bytes #repetitions  t_min[usec]  t_max[usec]  t_avg[usec]
            0         1000         0.03         0.04         0.03
            4         1000         2.98         2.98         2.98
            8         1000         2.86         2.86         2.86
           16         1000         3.00         3.00         3.00
           32         1000         2.91         2.91         2.91
           64         1000         3.00         3.00         3.00
          128         1000         3.33         3.33         3.33
          256         1000         3.58         3.58         3.58
          512         1000         4.34         4.34         4.34
         1024         1000         5.48         5.48         5.48
         2048         1000        17.48        17.48        17.48
         4096         1000        36.29        36.30        36.29
         8192         1000        45.10        45.11        45.11
        16384         1000        82.71        82.71        82.71
        32768         1000        64.40        64.40        64.40
        65536          640       110.27       110.27       110.27
       131072          320       229.51       229.52       229.51
       262144          160       726.97       727.10       727.05
       524288           80      1559.71      1559.80      1559.75
      1048576           40      1898.52      1898.75      1898.62
      2097152           20      4475.86      4476.61      4476.39
      4194304           10     10107.80     10114.31     10111.61

#----------------------------------------------------------------
# Benchmarking Reduce 
# #processes = 2 
# ( 2 additional processes waiting in MPI_Barrier)
#----------------------------------------------------------------
       #bytes #repetitions  t_min[usec]  t_max[usec]  t_avg[usec]
            0         1000         0.04         0.04         0.04
            4         1000         1.10         1.10         1.10
            8         1000         1.05         1.05         1.05
           16         1000         1.16         1.16         1.16
           32         1000         1.10         1.10         1.10
           64         1000         1.14         1.14         1.14
          128         1000         1.28         1.28         1.28
          256         1000         1.39         1.39         1.39
          512         1000         1.96         1.96         1.96
         1024         1000         2.44         2.44         2.44
         2048         1000         3.24         3.24         3.24
         4096         1000         6.17         6.17         6.17
         8192         1000        10.51        10.51        10.51
        16384         1000        16.92        16.93        16.93
        32768         1000        33.67        33.68        33.67
        65536          640        64.91        64.93        64.92
       131072          320       121.71       121.79       121.75
       262144          160       258.79       258.95       258.87
       524288           80       482.99       483.34       483.16
      1048576           40       957.60       958.23       957.92
      2097152           20      1887.25      1888.45      1887.85
      4194304           10      4027.99      4031.21      4029.60

#----------------------------------------------------------------
# Benchmarking Reduce 
# #processes = 4 
#----------------------------------------------------------------
       #bytes #repetitions  t_min[usec]  t_max[usec]  t_avg[usec]
            0         1000         0.03         0.04         0.04
            4         1000         1.36         1.36         1.36
            8         1000         1.35         1.35         1.35
           16         1000         1.50         1.51         1.51
           32         1000         1.41         1.41         1.41
           64         1000         1.48         1.48         1.48
          128         1000         1.67         1.67         1.67
          256         1000         1.81         1.81         1.81
          512         1000         3.78         3.79         3.79
         1024         1000         4.80         4.81         4.80
         2048         1000         8.87         8.88         8.87
         4096         1000        11.93        11.94        11.94
         8192         1000        18.25        18.27        18.26
        16384         1000        32.90        32.93        32.91
        32768         1000        78.44        78.52        78.48
        65536          640       135.45       135.55       135.51
       131072          320       234.75       235.09       234.98
       262144          160       544.83       547.97       545.68
       524288           80      1034.11      1035.83      1035.24
      1048576           40      1975.55      1983.30      1980.28
      2097152           20      7123.71      7142.81      7135.49
      4194304           10    101367.81    101437.12    101406.30

#----------------------------------------------------------------
# Benchmarking Reduce_scatter 
# #processes = 2 
# ( 2 additional processes waiting in MPI_Barrier)
#----------------------------------------------------------------
       #bytes #repetitions  t_min[usec]  t_max[usec]  t_avg[usec]
            0         1000         0.04         0.05         0.04
            4         1000         1.11         1.11         1.11
            8         1000         2.37         2.37         2.37
           16         1000         2.32         2.32         2.32
           32         1000         2.36         2.36         2.36
           64         1000         2.51         2.51         2.51
          128         1000         2.51         2.51         2.51
          256         1000         2.72         2.72         2.72
          512         1000         2.73         2.73         2.73
         1024         1000         3.26         3.26         3.26
         2048         1000         4.85         4.85         4.85
         4096         1000         4.88         4.88         4.88
         8192         1000         9.27         9.27         9.27
        16384         1000        15.08        15.08        15.08
        32768         1000        26.69        26.70        26.69
        65536          640        65.23        65.25        65.24
       131072          320       201.36       201.42       201.39
       262144          160       395.98       396.03       396.01
       524288           80       803.16       803.26       803.21
      1048576           40      1551.95      1553.40      1552.68
      2097152           20      3253.20      3254.39      3253.79
      4194304           10      7387.59      7391.10      7389.34

#----------------------------------------------------------------
# Benchmarking Reduce_scatter 
# #processes = 4 
#----------------------------------------------------------------
       #bytes #repetitions  t_min[usec]  t_max[usec]  t_avg[usec]
            0         1000         0.04         0.05         0.05
            4         1000         1.94         1.95         1.95
            8         1000         2.85         2.86         2.85
           16         1000         4.23         4.23         4.23
           32         1000         4.28         4.28         4.28
           64         1000         7.59         7.59         7.59
          128         1000         4.44         4.44         4.44
          256         1000         5.10         5.10         5.10
          512         1000         5.07         5.07         5.07
         1024         1000        16.24        16.24        16.24
         2048         1000        19.90        19.90        19.90
         4096         1000        24.10        24.10        24.10
         8192         1000        14.98        14.98        14.98
        16384         1000        29.69        29.69        29.69
        32768         1000        48.15        48.16        48.15
        65536          640        87.52        87.52        87.52
       131072          320       524.54       524.58       524.56
       262144          160      1073.33      1073.36      1073.34
       524288           80      2320.76      2322.74      2321.39
      1048576           40      4060.58      4061.25      4060.97
      2097152           20      8882.50      8886.24      8884.36
      4194304           10     20026.61     20039.92     20033.56

#----------------------------------------------------------------
# Benchmarking Allgather 
# #processes = 2 
# ( 2 additional processes waiting in MPI_Barrier)
#----------------------------------------------------------------
       #bytes #repetitions  t_min[usec]  t_max[usec]  t_avg[usec]
            0         1000         0.03         0.04         0.03
            1         1000         1.24         1.24         1.24
            2         1000        11.62        11.62        11.62
            4         1000         1.35         1.35         1.35
            8         1000         1.22         1.22         1.22
           16         1000         1.17         1.17         1.17
           32         1000         1.24         1.24         1.24
           64         1000         1.26         1.26         1.26
          128         1000         1.37         1.37         1.37
          256         1000         1.43         1.43         1.43
          512         1000         1.72         1.72         1.72
         1024         1000         2.03         2.03         2.03
         2048         1000         2.58         2.58         2.58
         4096         1000        15.81        15.82        15.81
         8192         1000        18.64        18.64        18.64
        16384         1000        23.64        23.64        23.64
        32768         1000        44.54        44.54        44.54
        65536          640       101.13       101.13       101.13
       131072          320       200.40       200.40       200.40
       262144          160       471.46       471.51       471.48
       524288           80       926.64       926.88       926.76
      1048576           40      1648.83      1649.95      1649.39
      2097152           20      4027.81      4033.51      4030.66
      4194304           10      9577.39      9596.99      9587.19

#----------------------------------------------------------------
# Benchmarking Allgather 
# #processes = 4 
#----------------------------------------------------------------
       #bytes #repetitions  t_min[usec]  t_max[usec]  t_avg[usec]
            0         1000         0.03         0.04         0.03
            1         1000         2.71         2.71         2.71
            2         1000         3.13         3.13         3.13
            4         1000        12.69        12.69        12.69
            8         1000         2.58         2.58         2.58
           16         1000         2.69         2.69         2.69
           32         1000         2.62         2.62         2.62
           64         1000         3.23         3.23         3.23
          128         1000        13.06        13.06        13.06
          256         1000         3.88         3.88         3.88
          512         1000         3.95         3.95         3.95
         1024         1000        17.55        17.55        17.55
         2048         1000        21.75        21.75        21.75
         4096         1000        36.61        36.61        36.61
         8192         1000        60.11        60.11        60.11
        16384         1000        81.96        81.96        81.96
        32768         1000       146.21       146.22       146.22
        65536          640       274.04       274.06       274.05
       131072          320       415.95       416.13       416.04
       262144          160      1875.63      1876.13      1875.88
       524288           80      2950.75      2950.98      2950.86
      1048576           40      6998.55      7002.80      7000.67
      2097152           20     14093.21     14379.25     14236.23
      4194304           10     26747.89     26891.28     26819.59

#----------------------------------------------------------------
# Benchmarking Allgatherv 
# #processes = 2 
# ( 2 additional processes waiting in MPI_Barrier)
#----------------------------------------------------------------
       #bytes #repetitions  t_min[usec]  t_max[usec]  t_avg[usec]
            0         1000         0.03         0.03         0.03
            1         1000         1.26         1.26         1.26
            2         1000         1.19         1.19         1.19
            4         1000         1.18         1.18         1.18
            8         1000         1.26         1.26         1.26
           16         1000         1.22         1.23         1.23
           32         1000         1.27         1.27         1.27
           64         1000         1.28         1.28         1.28
          128         1000         1.41         1.41         1.41
          256         1000         1.46         1.46         1.46
          512         1000         1.68         1.68         1.68
         1024         1000         2.03         2.03         2.03
         2048         1000         2.57         2.57         2.57
         4096         1000         5.53         5.53         5.53
         8192         1000         8.18         8.18         8.18
        16384         1000        23.71        23.71        23.71
        32768         1000        42.98        42.98        42.98
        65536          640        59.38        59.39        59.38
       131072          320       109.87       109.89       109.88
       262144          160       213.79       213.83       213.81
       524288           80       404.27       404.66       404.47
      1048576           40       877.95       879.13       878.54
      2097152           20      1858.20      1867.29      1862.75
      4194304           10      7833.00      7851.10      7842.05

#----------------------------------------------------------------
# Benchmarking Allgatherv 
# #processes = 4 
#----------------------------------------------------------------
       #bytes #repetitions  t_min[usec]  t_max[usec]  t_avg[usec]
            0         1000         0.03         0.04         0.03
            1         1000        17.01        17.02        17.02
            2         1000        16.97        16.97        16.97
            4         1000         7.55         7.56         7.55
            8         1000         6.96         6.96         6.96
           16         1000         7.01         7.01         7.01
           32         1000         7.04         7.04         7.04
           64         1000         7.23         7.23         7.23
          128         1000         7.32         7.32         7.32
          256         1000         8.32         8.32         8.32
          512         1000         8.26         8.26         8.26
         1024         1000         9.12         9.13         9.12
         2048         1000        14.13        14.13        14.13
         4096         1000        21.21        21.22        21.22
         8192         1000        30.99        30.99        30.99
        16384         1000        68.58        68.59        68.59
        32768         1000       175.38       175.40       175.39
        65536          640       191.89       191.93       191.91
       131072          320       311.87       311.94       311.90
       262144          160       775.21       775.68       775.44
       524288           80      1165.85      1168.29      1167.07
      1048576           40      4430.50      4440.62      4435.56
      2097152           20     10316.69     10349.70     10333.18
      4194304           10     16918.59     17103.70     17011.17

#----------------------------------------------------------------
# Benchmarking Gather 
# #processes = 2 
# ( 2 additional processes waiting in MPI_Barrier)
#----------------------------------------------------------------
       #bytes #repetitions  t_min[usec]  t_max[usec]  t_avg[usec]
            0         1000         0.02         0.03         0.03
            1         1000         0.96         0.96         0.96
            2         1000         1.02         1.02         1.02
            4         1000         1.00         1.00         1.00
            8         1000         0.91         0.91         0.91
           16         1000         0.98         0.99         0.98
           32         1000         1.05         1.05         1.05
           64         1000         0.98         0.98         0.98
          128         1000         1.06         1.06         1.06
          256         1000         1.11         1.11         1.11
          512         1000         1.29         1.29         1.29
         1024         1000         1.43         1.43         1.43
         2048         1000         1.72         1.72         1.72
         4096         1000         3.57         3.57         3.57
         8192         1000         7.34         7.34         7.34
        16384         1000        10.45        10.45        10.45
        32768         1000        22.96        22.96        22.96
        65536          640        33.77        33.77        33.77
       131072          320        77.30        77.30        77.30
       262144          160       136.55       136.55       136.55
       524288           80       250.30       250.35       250.32
      1048576           40       482.62       482.65       482.64
      2097152           20      1055.55      1055.55      1055.55
      4194304           10      2603.51      2603.51      2603.51

#----------------------------------------------------------------
# Benchmarking Gather 
# #processes = 4 
#----------------------------------------------------------------
       #bytes #repetitions  t_min[usec]  t_max[usec]  t_avg[usec]
            0         1000         0.02         0.04         0.03
            1         1000         1.25         1.26         1.26
            2         1000         1.24         1.24         1.24
            4         1000         1.25         1.25         1.25
            8         1000        11.25        11.25        11.25
           16         1000         1.28         1.28         1.28
           32         1000         1.23         1.23         1.23
           64         1000         1.29         1.29         1.29
          128         1000        11.43        11.43        11.43
          256         1000         1.45         1.45         1.45
          512         1000         1.71         1.71         1.71
         1024         1000        12.11        12.12        12.11
         2048         1000         2.58         2.58         2.58
         4096         1000         8.21         8.21         8.21
         8192         1000        16.51        16.52        16.51
        16384         1000        43.42        43.43        43.43
        32768         1000        67.64        67.65        67.64
        65536          640        66.44        66.48        66.46
       131072          320       170.24       170.52       170.43
       262144          160       247.72       248.40       248.17
       524288           80       508.04       510.22       509.50
      1048576           40      1173.62      1179.22      1177.50
      2097152           20      2484.45      2499.20      2494.63
      4194304           10      5149.29      5164.69      5159.07

#----------------------------------------------------------------
# Benchmarking Gatherv 
# #processes = 2 
# ( 2 additional processes waiting in MPI_Barrier)
#----------------------------------------------------------------
       #bytes #repetitions  t_min[usec]  t_max[usec]  t_avg[usec]
            0         1000         0.07         0.07         0.07
            1         1000         0.98         0.98         0.98
            2         1000         1.04         1.04         1.04
            4         1000         0.98         0.98         0.98
            8         1000         1.06         1.06         1.06
           16         1000         0.99         0.99         0.99
           32         1000         1.07         1.07         1.07
           64         1000         1.00         1.00         1.00
          128         1000         1.18         1.18         1.18
          256         1000         1.14         1.14         1.14
          512         1000         1.43         1.43         1.43
         1024         1000         1.53         1.53         1.53
         2048         1000         2.02         2.02         2.02
         4096         1000         3.97         3.97         3.97
         8192         1000         5.46         5.46         5.46
        16384         1000         9.06         9.06         9.06
        32768         1000        18.18        18.18        18.18
        65536          640        32.62        32.63        32.63
       131072          320        56.81        56.86        56.84
       262144          160       104.61       104.82       104.71
       524288           80       209.80       210.72       210.26
      1048576           40       406.90       410.75       408.83
      2097152           20       925.90       946.70       936.30
      4194304           10      2220.01      2329.71      2274.86

#----------------------------------------------------------------
# Benchmarking Gatherv 
# #processes = 4 
#----------------------------------------------------------------
       #bytes #repetitions  t_min[usec]  t_max[usec]  t_avg[usec]
            0         1000         0.07         0.07         0.07
            1         1000         1.18         1.18         1.18
            2         1000         1.20         1.21         1.21
            4         1000         1.24         1.24         1.24
            8         1000         1.17         1.18         1.18
           16         1000         1.21         1.21         1.21
           32         1000         1.22         1.22         1.22
           64         1000         1.25         1.25         1.25
          128         1000         1.37         1.37         1.37
          256         1000         1.43         1.43         1.43
          512         1000         1.68         1.68         1.68
         1024         1000         2.08         2.08         2.08
         2048         1000         2.56         2.57         2.57
         4096         1000         8.32         8.32         8.32
         8192         1000        12.37        12.37        12.37
        16384         1000        20.31        20.33        20.32
        32768         1000        40.71        40.74        40.72
        65536          640        88.53        88.62        88.58
       131072          320       131.82       132.12       131.99
       262144          160       239.38       240.60       240.08
       524288           80       483.24       488.22       486.07
      1048576           40      1102.57      1126.18      1115.78
      2097152           20      2302.74      2408.19      2360.00
      4194304           10      4716.11      5159.90      5008.28

#----------------------------------------------------------------
# Benchmarking Scatter 
# #processes = 2 
# ( 2 additional processes waiting in MPI_Barrier)
#----------------------------------------------------------------
       #bytes #repetitions  t_min[usec]  t_max[usec]  t_avg[usec]
            0         1000         0.03         0.04         0.04
            1         1000         1.00         1.00         1.00
            2         1000         1.03         1.03         1.03
            4         1000         0.98         0.98         0.98
            8         1000         1.04         1.04         1.04
           16         1000         0.98         0.98         0.98
           32         1000         1.05         1.05         1.05
           64         1000         1.00         1.00         1.00
          128         1000         1.16         1.16         1.16
          256         1000         1.15         1.15         1.15
          512         1000         1.45         1.45         1.45
         1024         1000         1.56         1.56         1.56
         2048         1000         2.02         2.02         2.02
         4096         1000         3.88         3.88         3.88
         8192         1000         5.50         5.50         5.50
        16384         1000         9.20         9.20         9.20
        32768         1000        18.91        18.92        18.92
        65536          640        32.48        32.49        32.49
       131072          320        59.65        59.70        59.68
       262144          160       109.17       109.37       109.27
       524288           80       213.51       214.44       213.97
      1048576           40       408.92       412.53       410.73
      2097152           20       897.80       916.85       907.33
      4194304           10      2137.30      2241.71      2189.51

#----------------------------------------------------------------
# Benchmarking Scatter 
# #processes = 4 
#----------------------------------------------------------------
       #bytes #repetitions  t_min[usec]  t_max[usec]  t_avg[usec]
            0         1000         0.03         0.04         0.03
            1         1000         1.60         1.60         1.60
            2         1000         1.57         1.57         1.57
            4         1000         1.55         1.55         1.55
            8         1000         1.55         1.55         1.55
           16         1000         1.57         1.57         1.57
           32         1000         1.56         1.57         1.57
           64         1000         1.58         1.58         1.58
          128         1000         1.71         1.72         1.72
          256         1000         1.72         1.73         1.73
          512         1000         2.02         2.02         2.02
         1024         1000         2.39         2.39         2.39
         2048         1000         2.92         2.92         2.92
         4096         1000         9.40         9.41         9.41
         8192         1000        13.16        13.17        13.16
        16384         1000        21.83        21.85        21.84
        32768         1000        42.81        42.85        42.83
        65536          640        72.30        72.41        72.36
       131072          320       129.93       130.26       130.12
       262144          160       231.61       232.73       232.24
       524288           80       469.01       473.93       471.75
      1048576           40      1065.00      1088.20      1077.81
      2097152           20      2279.31      2387.00      2336.87
      4194304           10      4650.31      5071.50      4926.03

#----------------------------------------------------------------
# Benchmarking Scatterv 
# #processes = 2 
# ( 2 additional processes waiting in MPI_Barrier)
#----------------------------------------------------------------
       #bytes #repetitions  t_min[usec]  t_max[usec]  t_avg[usec]
            0         1000         0.07         0.07         0.07
            1         1000         0.98         0.98         0.98
            2         1000         1.03         1.03         1.03
            4         1000         1.02         1.02         1.02
            8         1000         1.05         1.05         1.05
           16         1000         1.03         1.03         1.03
           32         1000         1.06         1.06         1.06
           64         1000         1.03         1.03         1.03
          128         1000         1.21         1.21         1.21
          256         1000         1.17         1.17         1.17
          512         1000         1.42         1.42         1.42
         1024         1000         1.56         1.56         1.56
         2048         1000         2.01         2.02         2.02
         4096         1000         3.83         3.83         3.83
         8192         1000         5.40         5.40         5.40
        16384         1000         9.01         9.01         9.01
        32768         1000        17.68        17.68        17.68
        65536          640        30.59        30.60        30.59
       131072          320        57.88        57.93        57.91
       262144          160       105.28       105.51       105.39
       524288           80       203.15       203.99       203.57
      1048576           40       396.72       400.25       398.48
      2097152           20       841.65       856.45       849.05
      4194304           10      2089.19      2194.09      2141.64

#----------------------------------------------------------------
# Benchmarking Scatterv 
# #processes = 4 
#----------------------------------------------------------------
       #bytes #repetitions  t_min[usec]  t_max[usec]  t_avg[usec]
            0         1000         0.08         0.08         0.08
            1         1000         1.55         1.55         1.55
            2         1000         1.51         1.51         1.51
            4         1000         1.50         1.50         1.50
            8         1000         1.53         1.53         1.53
           16         1000         1.55         1.55         1.55
           32         1000         1.54         1.54         1.54
           64         1000         1.58         1.58         1.58
          128         1000         1.67         1.67         1.67
          256         1000         1.72         1.72         1.72
          512         1000         1.98         1.98         1.98
         1024         1000         2.32         2.32         2.32
         2048         1000         2.75         2.76         2.75
         4096         1000         8.72         8.73         8.72
         8192         1000        12.33        12.34        12.34
        16384         1000        21.49        21.51        21.51
        32768         1000        41.26        41.30        41.28
        65536          640        72.76        72.87        72.82
       131072          320       134.03       134.39       134.24
       262144          160       245.61       246.85       246.31
       524288           80       488.91       494.30       491.97
      1048576           40      1078.77      1101.27      1091.03
      2097152           20      2260.05      2361.95      2315.09
      4194304           10      4864.91      5300.31      5149.93

#----------------------------------------------------------------
# Benchmarking Alltoall 
# #processes = 2 
# ( 2 additional processes waiting in MPI_Barrier)
#----------------------------------------------------------------
       #bytes #repetitions  t_min[usec]  t_max[usec]  t_avg[usec]
            0         1000         0.03         0.03         0.03
            1         1000         1.18         1.18         1.18
            2         1000         1.16         1.16         1.16
            4         1000         1.16         1.16         1.16
            8         1000         1.17         1.17         1.17
           16         1000         1.18         1.18         1.18
           32         1000         1.25         1.25         1.25
           64         1000         1.23         1.23         1.23
          128         1000         1.36         1.37         1.37
          256         1000         1.40         1.40         1.40
          512         1000         1.70         1.70         1.70
         1024         1000         2.13         2.13         2.13
         2048         1000         2.52         2.52         2.52
         4096         1000         5.59         5.59         5.59
         8192         1000         9.63         9.63         9.63
        16384         1000        13.85        13.85        13.85
        32768         1000        26.97        26.97        26.97
        65536          640        55.47        55.48        55.48
       131072          320       105.79       105.80       105.80
       262144          160       208.58       208.60       208.59
       524288           80       392.98       393.24       393.11
      1048576           40       797.40       798.53       797.97
      2097152           20      1997.85      2001.06      1999.46
      4194304           10      4638.10      4658.39      4648.24

#----------------------------------------------------------------
# Benchmarking Alltoall 
# #processes = 4 
#----------------------------------------------------------------
       #bytes #repetitions  t_min[usec]  t_max[usec]  t_avg[usec]
            0         1000         0.02         0.03         0.03
            1         1000         3.87         3.87         3.87
            2         1000         3.79         3.79         3.79
            4         1000         3.79         3.79         3.79
            8         1000         3.84         3.84         3.84
           16         1000         3.85         3.85         3.85
           32         1000         3.89         3.89         3.89
           64         1000         3.97         3.97         3.97
          128         1000         4.14         4.14         4.14
          256         1000         4.33         4.33         4.33
          512         1000         4.84         4.84         4.84
         1024         1000         5.66         5.66         5.66
         2048         1000         6.88         6.88         6.88
         4096         1000        18.02        18.02        18.02
         8192         1000        26.64        26.65        26.65
        16384         1000        48.25        48.25        48.25
        32768         1000       111.85       111.85       111.85
        65536          640       199.88       199.91       199.90
       131072          320       363.84       363.88       363.86
       262144          160       728.18       728.39       728.31
       524288           80      1702.14      1703.95      1703.13
      1048576           40      3843.47      3848.08      3846.32
      2097152           20      7561.10      7585.30      7575.96
      4194304           10     15248.30     15325.81     15292.55

#----------------------------------------------------------------
# Benchmarking Alltoallv 
# #processes = 2 
# ( 2 additional processes waiting in MPI_Barrier)
#----------------------------------------------------------------
       #bytes #repetitions  t_min[usec]  t_max[usec]  t_avg[usec]
            0         1000         1.07         1.07         1.07
            1         1000         1.28         1.28         1.28
            2         1000         1.25         1.25         1.25
            4         1000         1.27         1.27         1.27
            8         1000         1.26         1.26         1.26
           16         1000         1.28         1.28         1.28
           32         1000         1.31         1.31         1.31
           64         1000         1.35         1.35         1.35
          128         1000         1.43         1.43         1.43
          256         1000         1.54         1.54         1.54
          512         1000         1.75         1.75         1.75
         1024         1000         2.12         2.12         2.12
         2048         1000         2.57         2.57         2.57
         4096         1000         5.85         5.85         5.85
         8192         1000         8.73         8.74         8.74
        16384         1000        14.53        14.54        14.54
        32768         1000        29.48        29.48        29.48
        65536          640        59.65        59.65        59.65
       131072          320       122.42       122.42       122.42
       262144          160       248.06       248.10       248.08
       524288           80       486.05       486.26       486.16
      1048576           40      1000.33      1000.73      1000.53
      2097152           20      2337.21      2343.06      2340.13
      4194304           10      5656.29      5691.10      5673.69

#----------------------------------------------------------------
# Benchmarking Alltoallv 
# #processes = 4 
#----------------------------------------------------------------
       #bytes #repetitions  t_min[usec]  t_max[usec]  t_avg[usec]
            0         1000         3.38         3.38         3.38
            1         1000         3.73         3.73         3.73
            2         1000         3.74         3.74         3.74
            4         1000         3.71         3.71         3.71
            8         1000         3.77         3.77         3.77
           16         1000         3.76         3.76         3.76
           32         1000         3.81         3.81         3.81
           64         1000         3.87         3.87         3.87
          128         1000         4.24         4.24         4.24
          256         1000         4.33         4.33         4.33
          512         1000         5.20         5.20         5.20
         1024         1000         6.22         6.22         6.22
         2048         1000         7.61         7.61         7.61
         4096         1000        18.18        18.18        18.18
         8192         1000        27.34        27.34        27.34
        16384         1000        51.16        51.16        51.16
        32768         1000       108.70       108.71       108.70
        65536          640       203.03       203.05       203.04
       131072          320       385.08       385.10       385.08
       262144          160       772.57       772.81       772.70
       524288           80      1842.55      1844.32      1843.48
      1048576           40      4063.87      4068.62      4066.24
      2097152           20      8554.10      8578.35      8568.11
      4194304           10     17423.92     17512.20     17475.08

#----------------------------------------------------------------
# Benchmarking Bcast 
# #processes = 2 
# ( 2 additional processes waiting in MPI_Barrier)
#----------------------------------------------------------------
       #bytes #repetitions  t_min[usec]  t_max[usec]  t_avg[usec]
            0         1000         0.03         0.03         0.03
            1         1000         1.35         1.35         1.35
            2         1000         1.33         1.33         1.33
            4         1000         1.19         1.19         1.19
            8         1000         1.14         1.14         1.14
           16         1000         1.12         1.12         1.12
           32         1000         1.24         1.24         1.24
           64         1000         1.20         1.20         1.20
          128         1000         1.29         1.29         1.29
          256         1000         1.36         1.36         1.36
          512         1000         1.59         1.59         1.59
         1024         1000         1.67         1.67         1.67
         2048         1000         2.51         2.51         2.51
         4096         1000         3.71         3.71         3.71
         8192         1000         7.49         7.49         7.49
        16384         1000        13.01        13.01        13.01
        32768         1000        24.22        24.22        24.22
        65536          640        47.31        47.31        47.31
       131072          320        82.84        82.84        82.84
       262144          160       154.33       154.33       154.33
       524288           80       192.95       192.96       192.96
      1048576           40       393.35       393.35       393.35
      2097152           20       808.69       808.74       808.72
      4194304           10      1847.20      1847.29      1847.24

#----------------------------------------------------------------
# Benchmarking Bcast 
# #processes = 4 
#----------------------------------------------------------------
       #bytes #repetitions  t_min[usec]  t_max[usec]  t_avg[usec]
            0         1000         0.02         0.03         0.03
            1         1000         1.94         1.94         1.94
            2         1000         1.92         1.92         1.92
            4         1000         1.94         1.94         1.94
            8         1000         2.05         2.05         2.05
           16         1000         1.86         1.86         1.86
           32         1000         1.98         1.99         1.98
           64         1000         1.97         1.97         1.97
          128         1000         2.06         2.07         2.06
          256         1000         2.03         2.03         2.03
          512         1000         2.33         2.33         2.33
         1024         1000         2.76         2.76         2.76
         2048         1000         4.44         4.45         4.45
         4096         1000         6.51         6.51         6.51
         8192         1000        13.12        13.12        13.12
        16384         1000        22.49        22.49        22.49
        32768         1000        39.68        39.68        39.68
        65536          640        76.42        76.42        76.42
       131072          320       146.91       146.94       146.92
       262144          160       290.62       290.81       290.71
       524288           80       522.59       523.55       523.07
      1048576           40      1050.93      1054.48      1052.70
      2097152           20      1555.05      1562.15      1559.82
      4194304           10      3454.30      3467.58      3463.35

#---------------------------------------------------
# Benchmarking Barrier 
# #processes = 2 
# ( 2 additional processes waiting in MPI_Barrier)
#---------------------------------------------------
 #repetitions  t_min[usec]  t_max[usec]  t_avg[usec]
         1000         0.92         0.92         0.92

#---------------------------------------------------
# Benchmarking Barrier 
# #processes = 4 
#---------------------------------------------------
 #repetitions  t_min[usec]  t_max[usec]  t_avg[usec]
         1000         2.24         2.24         2.24


# All processes entering MPI_Finalize

