mpi.c
tools.c
tools.h
Makefile
mpicc -o mpi.out ./tools.c mpi.c -lm
CMA: unable to get RDMA device list
CMA: unable to get RDMA device list
CMA: unable to get RDMA device list
CMA: unable to get RDMA device list
CMA: unable to get RDMA device list
CMA: unable to get RDMA device list
CMA: unable to get RDMA device list
CMA: unable to get RDMA device list
CMA: unable to get RDMA device list
CMA: unable to get RDMA device list
CMA: unable to get RDMA device list
CMA: unable to get RDMA device list
CMA: unable to get RDMA device list
CMA: unable to get RDMA device list
CMA: unable to get RDMA device list
CMA: unable to get RDMA device list
8000;0.203265;21.448493;0.165800;1.222742;21.817558;16
