src/
src/GNUmakefile
src/IMB.c
src/IMB_allgather.c
src/IMB_allgatherv.c
src/IMB_allreduce.c
src/IMB_alltoall.c
src/IMB_alltoallv.c
src/IMB_appl_errors.h
src/IMB_barrier.c
src/IMB_bcast.c
src/IMB_benchlist.c
src/IMB_benchmark.h
src/IMB_bnames_ext.h
src/IMB_bnames_io.h
src/IMB_bnames_mpi1.h
src/IMB_cache.h
src/IMB_chk_diff.c
src/IMB_comm_info.h
src/IMB_comments.h
src/IMB_cpu_exploit.c
src/IMB_declare.c
src/IMB_declare.h
src/IMB_err_check.h
src/IMB_err_handler.c
src/IMB_exchange.c
src/IMB_g_info.c
src/IMB_gather.c
src/IMB_gatherv.c
src/IMB_init.c
src/IMB_init_file.c
src/IMB_init_transfer.c
src/IMB_mem_info.h
src/IMB_mem_manager.c
src/IMB_ones_accu.c
src/IMB_ones_bidir.c
src/IMB_ones_unidir.c
src/IMB_open_close.c
src/IMB_output.c
src/IMB_parse_name_ext.c
src/IMB_parse_name_io.c
src/IMB_parse_name_mpi1.c
src/IMB_pingping.c
src/IMB_pingpong.c
src/IMB_prototypes.h
src/IMB_read.c
src/IMB_reduce.c
src/IMB_reduce_scatter.c
src/IMB_scatter.c
src/IMB_scatterv.c
src/IMB_sendrecv.c
src/IMB_settings.h
src/IMB_settings_io.h
src/IMB_strgs.c
src/IMB_user_set_info.c
src/IMB_warm_up.c
src/IMB_window.c
src/IMB_write.c
src/Makefile.base
src/make_ict
src/make_mpich
license/
license/license.txt
license/use-of-trademark-license.txt
doc/
doc/IMB_Users_Guide.pdf
doc/ReadMe_IMB.txt
 
This Makefile uses make_ict to build IMB 
based on "ICT" (Intel(R) Cluster Toolkit)
 
Targets: MPI1 (default), EXT, IO, all, clean
         MPI1 builds the MPI-1 standard benchmarks
         EXT builds the one sided communications benchmarks
         IO builds the MPI-File I\/O benchmarks
         all = MPI1+EXT+IO
 
When an Intel(r) MPI Library install and mpiicc path exists,
this should work immediately.
 
Alternatively, use 
 
gmake -f make_mpich
 
to install an mpich or similar version; for this,
you normally have to edit at least the MPI_HOME
variable provided in make_mpich
 
gmake -f make_ict IMB-MPI1
gmake[1]: Entering directory `/data/JobDir/home_cream_723472879/CREAM723472879/src'
sleep 1; touch exe_mpi1 *.c; rm -rf exe_io exe_ext
gmake -f Makefile.base MPI1 CPP=MPI1
gmake[2]: Entering directory `/data/JobDir/home_cream_723472879/CREAM723472879/src'
mpicc   -DMPI1  -c IMB.c
mpicc   -DMPI1  -c IMB_declare.c
mpicc   -DMPI1  -c IMB_init.c
mpicc   -DMPI1  -c IMB_mem_manager.c
mpicc   -DMPI1  -c IMB_parse_name_mpi1.c
mpicc   -DMPI1  -c IMB_benchlist.c
mpicc   -DMPI1  -c IMB_strgs.c
mpicc   -DMPI1  -c IMB_err_handler.c
mpicc   -DMPI1  -c IMB_g_info.c
mpicc   -DMPI1  -c IMB_warm_up.c
mpicc   -DMPI1  -c IMB_output.c
mpicc   -DMPI1  -c IMB_pingpong.c
mpicc   -DMPI1  -c IMB_pingping.c
mpicc   -DMPI1  -c IMB_allreduce.c
mpicc   -DMPI1  -c IMB_reduce_scatter.c
mpicc   -DMPI1  -c IMB_reduce.c
mpicc   -DMPI1  -c IMB_exchange.c
mpicc   -DMPI1  -c IMB_bcast.c
mpicc   -DMPI1  -c IMB_barrier.c
mpicc   -DMPI1  -c IMB_allgather.c
mpicc   -DMPI1  -c IMB_allgatherv.c
mpicc   -DMPI1  -c IMB_gather.c
mpicc   -DMPI1  -c IMB_gatherv.c
mpicc   -DMPI1  -c IMB_scatter.c
mpicc   -DMPI1  -c IMB_scatterv.c
mpicc   -DMPI1  -c IMB_alltoall.c
mpicc   -DMPI1  -c IMB_alltoallv.c
mpicc   -DMPI1  -c IMB_sendrecv.c
mpicc   -DMPI1  -c IMB_init_transfer.c
mpicc   -DMPI1  -c IMB_chk_diff.c
mpicc   -DMPI1  -c IMB_cpu_exploit.c
mpicc   -o IMB-MPI1 IMB.o IMB_declare.o  IMB_init.o IMB_mem_manager.o IMB_parse_name_mpi1.o  IMB_benchlist.o IMB_strgs.o IMB_err_handler.o IMB_g_info.o  IMB_warm_up.o IMB_output.o IMB_pingpong.o IMB_pingping.o IMB_allreduce.o IMB_reduce_scatter.o IMB_reduce.o IMB_exchange.o IMB_bcast.o IMB_barrier.o IMB_allgather.o IMB_allgatherv.o IMB_gather.o IMB_gatherv.o IMB_scatter.o IMB_scatterv.o IMB_alltoall.o IMB_alltoallv.o IMB_sendrecv.o IMB_init_transfer.o  IMB_chk_diff.o IMB_cpu_exploit.o   
gmake[2]: Leaving directory `/data/JobDir/home_cream_723472879/CREAM723472879/src'
gmake[1]: Leaving directory `/data/JobDir/home_cream_723472879/CREAM723472879/src'
CMA: unable to get RDMA device list
CMA: unable to get RDMA device list
CMA: unable to get RDMA device list
CMA: unable to get RDMA device list
#---------------------------------------------------
#    Intel (R) MPI Benchmark Suite V3.2, MPI-1 part    
#---------------------------------------------------
# Date                  : Wed Feb  3 17:02:15 2016
# Machine               : x86_64
# System                : Linux
# Release               : 2.6.18-406.el5
# Version               : #1 SMP Tue Jun 2 11:24:48 CDT 2015
# MPI Version           : 2.1
# MPI Thread Environment: MPI_THREAD_SINGLE


# New default behavior from Version 3.2 on:

# the number of iterations per message size is cut down 
# dynamically when a certain run time (per message size sample) 
# is expected to be exceeded. Time limit is defined by variable 
# "SECS_PER_SAMPLE" (=> IMB_settings.h) 
# or through the flag => -time 
  


# Calling sequence was: 

# /data/JobDir/home_cream_723472879/CREAM723472879/IMB-MPI1

# Minimum message length in bytes:   0
# Maximum message length in bytes:   4194304
#
# MPI_Datatype                   :   MPI_BYTE 
# MPI_Datatype for reductions    :   MPI_FLOAT
# MPI_Op                         :   MPI_SUM  
#
#

# List of Benchmarks to run:

# PingPong
# PingPing
# Sendrecv
# Exchange
# Allreduce
# Reduce
# Reduce_scatter
# Allgather
# Allgatherv
# Gather
# Gatherv
# Scatter
# Scatterv
# Alltoall
# Alltoallv
# Bcast
# Barrier

#---------------------------------------------------
# Benchmarking PingPong 
# #processes = 2 
# ( 2 additional processes waiting in MPI_Barrier)
#---------------------------------------------------
       #bytes #repetitions      t[usec]   Mbytes/sec
            0         1000         1.65         0.00
            1         1000         1.73         0.55
            2         1000         1.77         1.07
            4         1000         1.75         2.18
            8         1000         1.74         4.39
           16         1000         1.77         8.61
           32         1000         1.73        17.66
           64         1000         1.81        33.67
          128         1000         1.79        68.02
          256         1000         1.92       127.02
          512         1000         1.99       245.92
         1024         1000         2.44       399.41
         2048         1000         3.20       611.23
         4096         1000         5.83       669.68
         8192         1000         8.43       926.37
        16384         1000         8.38      1865.02
        32768         1000        14.32      2182.50
        65536          640        23.65      2642.19
       131072          320        42.80      2920.77
       262144          160        79.67      3138.01
       524288           80       149.38      3347.28
      1048576           40       288.11      3470.85
      2097152           20       571.88      3497.26
      4194304           10      1137.30      3517.09

#---------------------------------------------------
# Benchmarking PingPing 
# #processes = 2 
# ( 2 additional processes waiting in MPI_Barrier)
#---------------------------------------------------
       #bytes #repetitions      t[usec]   Mbytes/sec
            0         1000         1.04         0.00
            1         1000         1.09         0.88
            2         1000         1.09         1.75
            4         1000         1.10         3.46
            8         1000         1.08         7.07
           16         1000         1.09        13.97
           32         1000         1.10        27.74
           64         1000         1.08        56.67
          128         1000         1.09       112.31
          256         1000         1.20       204.27
          512         1000         1.27       385.69
         1024         1000         1.43       680.96
         2048         1000         2.11       926.49
         4096         1000         4.91       796.04
         8192         1000         6.47      1207.32
        16384         1000         9.88      1582.12
        32768         1000        16.67      1874.06
        65536          640        31.73      1969.67
       131072          320        62.46      2001.29
       262144          160       123.82      2019.09
       524288           80       244.51      2044.88
      1048576           40       486.90      2053.82
      2097152           20       974.11      2053.16
      4194304           10      1941.49      2060.27

#-----------------------------------------------------------------------------
# Benchmarking Sendrecv 
# #processes = 2 
# ( 2 additional processes waiting in MPI_Barrier)
#-----------------------------------------------------------------------------
       #bytes #repetitions  t_min[usec]  t_max[usec]  t_avg[usec]   Mbytes/sec
            0         1000         1.03         1.03         1.03         0.00
            1         1000         1.03         1.03         1.03         1.84
            2         1000         1.07         1.07         1.07         3.57
            4         1000         1.05         1.05         1.05         7.26
            8         1000         1.07         1.07         1.07        14.27
           16         1000         1.05         1.05         1.05        29.10
           32         1000         1.06         1.06         1.06        57.41
           64         1000         1.06         1.06         1.06       115.16
          128         1000         1.10         1.10         1.10       222.32
          256         1000         1.20         1.20         1.20       407.24
          512         1000         1.28         1.28         1.28       762.33
         1024         1000         1.49         1.49         1.49      1309.88
         2048         1000         2.01         2.01         2.01      1938.71
         4096         1000         4.58         4.58         4.58      1706.13
         8192         1000         6.51         6.51         6.51      2400.23
        16384         1000         9.90         9.90         9.90      3156.92
        32768         1000        16.57        16.57        16.57      3772.07
        65536          640        31.89        31.89        31.89      3920.05
       131072          320        62.28        62.28        62.28      4014.26
       262144          160       123.61       123.61       123.61      4045.09
       524288           80       249.26       249.28       249.27      4011.62
      1048576           40       486.55       486.57       486.56      4110.40
      2097152           20       978.16       978.16       978.16      4089.31
      4194304           10      1945.09      1945.30      1945.20      4112.47

#-----------------------------------------------------------------------------
# Benchmarking Sendrecv 
# #processes = 4 
#-----------------------------------------------------------------------------
       #bytes #repetitions  t_min[usec]  t_max[usec]  t_avg[usec]   Mbytes/sec
            0         1000         1.21         1.21         1.21         0.00
            1         1000         1.20         1.20         1.20         1.59
            2         1000         1.22         1.22         1.22         3.13
            4         1000         1.17         1.17         1.17         6.50
            8         1000         1.22         1.22         1.22        12.52
           16         1000         1.19         1.19         1.19        25.58
           32         1000         1.23         1.23         1.23        49.50
           64         1000         1.21         1.21         1.21       101.13
          128         1000         1.25         1.25         1.25       195.79
          256         1000         1.28         1.28         1.28       381.73
          512         1000         1.42         1.42         1.42       687.71
         1024         1000         1.57         1.57         1.57      1240.84
         2048         1000         1.83         1.83         1.83      2133.33
         4096         1000         5.04         5.04         5.04      1551.37
         8192         1000         6.40         6.40         6.40      2439.91
        16384         1000        10.36        10.37        10.36      3014.95
        32768         1000        17.75        17.76        17.76      3519.94
        65536          640        31.79        31.80        31.80      3930.98
       131072          320        59.33        59.35        59.34      4212.52
       262144          160       114.47       114.49       114.48      4367.30
       524288           80       217.97       218.09       218.05      4585.32
      1048576           40       432.30       432.78       432.65      4621.31
      2097152           20       856.24       857.25       856.97      4666.11
      4194304           10      1723.81      1724.70      1724.28      4638.50

#-----------------------------------------------------------------------------
# Benchmarking Exchange 
# #processes = 2 
# ( 2 additional processes waiting in MPI_Barrier)
#-----------------------------------------------------------------------------
       #bytes #repetitions  t_min[usec]  t_max[usec]  t_avg[usec]   Mbytes/sec
            0         1000         1.86         1.86         1.86         0.00
            1         1000         1.95         1.95         1.95         1.96
            2         1000         1.94         1.94         1.94         3.93
            4         1000         1.94         1.94         1.94         7.86
            8         1000         1.94         1.94         1.94        15.74
           16         1000         1.97         1.97         1.97        31.05
           32         1000         1.95         1.95         1.95        62.63
           64         1000         1.99         1.99         1.99       122.99
          128         1000         2.06         2.06         2.06       236.57
          256         1000         2.24         2.24         2.24       436.72
          512         1000         2.42         2.42         2.42       807.09
         1024         1000         2.75         2.75         2.75      1418.41
         2048         1000         3.73         3.73         3.73      2095.54
         4096         1000         8.65         8.65         8.65      1805.50
         8192         1000        12.59        12.59        12.59      2481.34
        16384         1000        19.46        19.46        19.46      3211.88
        32768         1000        33.14        33.14        33.14      3771.64
        65536          640        63.02        63.02        63.02      3967.18
       131072          320       126.40       126.40       126.40      3955.70
       262144          160       246.80       246.80       246.80      4051.86
       524288           80       489.15       489.16       489.16      4088.61
      1048576           40       982.00       982.02       982.01      4073.23
      2097152           20      1954.00      1954.04      1954.02      4094.08
      4194304           10      3873.18      3873.18      3873.18      4130.97

#-----------------------------------------------------------------------------
# Benchmarking Exchange 
# #processes = 4 
#-----------------------------------------------------------------------------
       #bytes #repetitions  t_min[usec]  t_max[usec]  t_avg[usec]   Mbytes/sec
            0         1000         2.51         2.51         2.51         0.00
            1         1000         2.57         2.57         2.57         1.48
            2         1000         2.51         2.51         2.51         3.04
            4         1000         2.55         2.55         2.55         5.97
            8         1000         2.50         2.50         2.50        12.20
           16         1000         2.57         2.57         2.57        23.71
           32         1000         2.51         2.52         2.52        48.52
           64         1000         2.92         2.92         2.92        83.56
          128         1000         2.62         2.62         2.62       186.44
          256         1000         2.75         2.75         2.75       354.60
          512         1000         2.86         2.86         2.86       682.21
         1024         1000         3.16         3.17         3.16      1234.20
         2048         1000         3.86         3.86         3.86      2023.34
         4096         1000         9.15         9.15         9.15      1708.00
         8192         1000        11.79        11.79        11.79      2650.54
        16384         1000        18.06        18.06        18.06      3460.69
        32768         1000        32.16        32.16        32.16      3886.93
        65536          640        63.48        63.49        63.49      3937.69
       131072          320       125.19       125.23       125.21      3992.63
       262144          160       223.75       223.81       223.79      4468.15
       524288           80       432.01       432.26       432.16      4626.83
      1048576           40       856.52       857.15       856.89      4666.62
      2097152           20      1730.80      1731.90      1731.57      4619.21
      4194304           10      3581.62      3582.62      3582.12      4466.00

#----------------------------------------------------------------
# Benchmarking Allreduce 
# #processes = 2 
# ( 2 additional processes waiting in MPI_Barrier)
#----------------------------------------------------------------
       #bytes #repetitions  t_min[usec]  t_max[usec]  t_avg[usec]
            0         1000         0.03         0.03         0.03
            4         1000         1.19         1.19         1.19
            8         1000         1.20         1.20         1.20
           16         1000         1.22         1.22         1.22
           32         1000         1.22         1.22         1.22
           64         1000         1.25         1.25         1.25
          128         1000         1.21         1.21         1.21
          256         1000         1.45         1.45         1.45
          512         1000         1.61         1.61         1.61
         1024         1000         1.97         1.97         1.97
         2048         1000         2.83         2.83         2.83
         4096         1000         6.28         6.28         6.28
         8192         1000         9.49         9.49         9.49
        16384         1000        16.81        16.81        16.81
        32768         1000        26.95        26.95        26.95
        65536          640        49.19        49.19        49.19
       131072          320        96.20        96.20        96.20
       262144          160       247.97       247.97       247.97
       524288           80       485.10       485.11       485.11
      1048576           40       935.52       935.55       935.54
      2097152           20      1847.15      1847.15      1847.15
      4194304           10      3390.69      3390.69      3390.69

#----------------------------------------------------------------
# Benchmarking Allreduce 
# #processes = 4 
#----------------------------------------------------------------
       #bytes #repetitions  t_min[usec]  t_max[usec]  t_avg[usec]
            0         1000         0.03         0.03         0.03
            4         1000         2.55         2.55         2.55
            8         1000         2.50         2.50         2.50
           16         1000         2.52         2.52         2.52
           32         1000         2.57         2.57         2.57
           64         1000         2.57         2.57         2.57
          128         1000         2.63         2.63         2.63
          256         1000         2.98         2.98         2.98
          512         1000         3.41         3.41         3.41
         1024         1000         4.15         4.15         4.15
         2048         1000         5.78         5.78         5.78
         4096         1000        12.55        12.55        12.55
         8192         1000        19.02        19.02        19.02
        16384         1000        34.35        34.35        34.35
        32768         1000        48.51        48.51        48.51
        65536          640        80.05        80.05        80.05
       131072          320       153.31       153.32       153.31
       262144          160       284.31       284.34       284.33
       524288           80       602.59       602.64       602.62
      1048576           40      1226.28      1226.38      1226.33
      2097152           20      2406.50      2406.80      2406.69
      4194304           10      4906.30      4909.01      4907.76

#----------------------------------------------------------------
# Benchmarking Reduce 
# #processes = 2 
# ( 2 additional processes waiting in MPI_Barrier)
#----------------------------------------------------------------
       #bytes #repetitions  t_min[usec]  t_max[usec]  t_avg[usec]
            0         1000         0.03         0.03         0.03
            4         1000         1.08         1.08         1.08
            8         1000         1.08         1.08         1.08
           16         1000         1.10         1.10         1.10
           32         1000         1.12         1.12         1.12
           64         1000         1.10         1.10         1.10
          128         1000         1.16         1.16         1.16
          256         1000         1.28         1.28         1.28
          512         1000         1.60         1.60         1.60
         1024         1000         1.94         1.94         1.94
         2048         1000         2.72         2.72         2.72
         4096         1000         5.03         5.03         5.03
         8192         1000         7.75         7.75         7.75
        16384         1000        13.30        13.30        13.30
        32768         1000        24.69        24.69        24.69
        65536          640        48.21        48.23        48.22
       131072          320        88.79        88.84        88.82
       262144          160       176.76       176.88       176.82
       524288           80       349.42       349.65       349.54
      1048576           40       685.75       686.17       685.96
      2097152           20      1394.55      1395.45      1395.00
      4194304           10      2740.22      2742.10      2741.16

#----------------------------------------------------------------
# Benchmarking Reduce 
# #processes = 4 
#----------------------------------------------------------------
       #bytes #repetitions  t_min[usec]  t_max[usec]  t_avg[usec]
            0         1000         0.03         0.04         0.03
            4         1000         1.21         1.21         1.21
            8         1000         1.19         1.19         1.19
           16         1000         1.20         1.20         1.20
           32         1000         1.21         1.22         1.22
           64         1000         1.24         1.25         1.24
          128         1000         1.26         1.26         1.26
          256         1000         1.44         1.45         1.45
          512         1000         2.91         2.92         2.91
         1024         1000         3.49         3.49         3.49
         2048         1000         4.93         4.93         4.93
         4096         1000         9.30         9.31         9.30
         8192         1000        13.65        13.66        13.66
        16384         1000        24.11        24.13        24.12
        32768         1000        65.98        66.03        66.01
        65536          640        94.70        94.78        94.75
       131072          320       155.81       156.01       155.94
       262144          160       389.92       390.49       390.32
       524288           80       761.44       762.69       762.28
      1048576           40      1448.72      1453.40      1451.91
      2097152           20      2865.10      2876.10      2872.26
      4194304           10      6018.78      6048.99      6037.27

#----------------------------------------------------------------
# Benchmarking Reduce_scatter 
# #processes = 2 
# ( 2 additional processes waiting in MPI_Barrier)
#----------------------------------------------------------------
       #bytes #repetitions  t_min[usec]  t_max[usec]  t_avg[usec]
            0         1000         0.03         0.03         0.03
            4         1000         0.68         0.68         0.68
            8         1000         1.45         1.45         1.45
           16         1000         1.45         1.45         1.45
           32         1000         1.44         1.44         1.44
           64         1000         1.45         1.45         1.45
          128         1000         1.49         1.49         1.49
          256         1000         1.48         1.48         1.48
          512         1000         1.78         1.78         1.78
         1024         1000         2.04         2.04         2.04
         2048         1000         2.54         2.54         2.54
         4096         1000         3.40         3.40         3.40
         8192         1000         7.10         7.10         7.10
        16384         1000        12.49        12.49        12.49
        32768         1000        19.25        19.25        19.25
        65536          640        37.01        37.02        37.01
       131072          320       128.51       128.52       128.51
       262144          160       290.36       290.36       290.36
       524288           80       563.46       563.46       563.46
      1048576           40      1111.23      1111.27      1111.25
      2097152           20      2201.95      2202.00      2201.97
      4194304           10      4477.00      4477.19      4477.10

#----------------------------------------------------------------
# Benchmarking Reduce_scatter 
# #processes = 4 
#----------------------------------------------------------------
       #bytes #repetitions  t_min[usec]  t_max[usec]  t_avg[usec]
            0         1000         0.04         0.04         0.04
            4         1000         1.71         1.72         1.71
            8         1000         2.90         2.92         2.91
           16         1000         2.86         2.86         2.86
           32         1000         2.87         2.87         2.87
           64         1000         2.89         2.89         2.89
          128         1000         2.99         2.99         2.99
          256         1000         2.98         2.98         2.98
          512         1000         3.31         3.31         3.31
         1024         1000         3.60         3.60         3.60
         2048         1000         4.30         4.30         4.30
         4096         1000         5.69         5.69         5.69
         8192         1000        10.86        10.86        10.86
        16384         1000        17.78        17.78        17.78
        32768         1000        28.92        28.92        28.92
        65536          640        51.50        51.50        51.50
       131072          320       156.55       156.56       156.55
       262144          160       342.62       342.64       342.64
       524288           80       615.58       615.65       615.60
      1048576           40      1290.25      1290.73      1290.48
      2097152           20      2548.35      2548.55      2548.49
      4194304           10      5211.21      5216.12      5214.07

#----------------------------------------------------------------
# Benchmarking Allgather 
# #processes = 2 
# ( 2 additional processes waiting in MPI_Barrier)
#----------------------------------------------------------------
       #bytes #repetitions  t_min[usec]  t_max[usec]  t_avg[usec]
            0         1000         0.02         0.03         0.02
            1         1000         1.09         1.09         1.09
            2         1000         1.18         1.18         1.18
            4         1000         1.11         1.11         1.11
            8         1000         1.17         1.17         1.17
           16         1000         1.10         1.10         1.10
           32         1000         1.19         1.19         1.19
           64         1000         1.14         1.14         1.14
          128         1000         1.14         1.14         1.14
          256         1000         1.30         1.30         1.30
          512         1000         1.33         1.33         1.33
         1024         1000         1.60         1.60         1.60
         2048         1000         2.17         2.17         2.17
         4096         1000         4.84         4.84         4.84
         8192         1000         6.85         6.85         6.85
        16384         1000        10.77        10.77        10.77
        32768         1000        18.97        18.97        18.97
        65536          640        37.02        37.02        37.02
       131072          320        76.53        76.53        76.53
       262144          160       153.43       153.43       153.43
       524288           80       304.60       304.61       304.61
      1048576           40       599.32       599.32       599.32
      2097152           20      1196.85      1197.04      1196.94
      4194304           10      2396.42      2396.70      2396.56

#----------------------------------------------------------------
# Benchmarking Allgather 
# #processes = 4 
#----------------------------------------------------------------
       #bytes #repetitions  t_min[usec]  t_max[usec]  t_avg[usec]
            0         1000         0.02         0.03         0.02
            1         1000         2.53         2.53         2.53
            2         1000         2.55         2.55         2.55
            4         1000         2.53         2.53         2.53
            8         1000         2.56         2.56         2.56
           16         1000         2.56         2.56         2.56
           32         1000         2.57         2.57         2.57
           64         1000         2.55         2.55         2.55
          128         1000         2.67         2.67         2.67
          256         1000         2.92         2.92         2.92
          512         1000         3.29         3.30         3.30
         1024         1000         3.98         3.98         3.98
         2048         1000         7.73         7.73         7.73
         4096         1000        12.11        12.11        12.11
         8192         1000        17.90        17.90        17.90
        16384         1000        23.45        23.45        23.45
        32768         1000        42.92        42.93        42.92
        65536          640        89.70        89.70        89.70
       131072          320       168.46       168.46       168.46
       262144          160       321.16       321.18       321.17
       524288           80       628.76       628.83       628.80
      1048576           40      1229.13      1229.27      1229.21
      2097152           20      2563.91      2564.50      2564.19
      4194304           10      6333.68      6334.59      6334.14

#----------------------------------------------------------------
# Benchmarking Allgatherv 
# #processes = 2 
# ( 2 additional processes waiting in MPI_Barrier)
#----------------------------------------------------------------
       #bytes #repetitions  t_min[usec]  t_max[usec]  t_avg[usec]
            0         1000         0.03         0.03         0.03
            1         1000         1.15         1.15         1.15
            2         1000         1.16         1.16         1.16
            4         1000         1.11         1.11         1.11
            8         1000         1.17         1.17         1.17
           16         1000         1.15         1.15         1.15
           32         1000         1.18         1.18         1.18
           64         1000         1.17         1.17         1.17
          128         1000         1.18         1.18         1.18
          256         1000         1.32         1.32         1.32
          512         1000         1.35         1.35         1.35
         1024         1000         1.59         1.59         1.59
         2048         1000         2.16         2.16         2.16
         4096         1000         4.84         4.84         4.84
         8192         1000         7.08         7.08         7.08
        16384         1000        11.10        11.10        11.10
        32768         1000        19.48        19.48        19.48
        65536          640        37.47        37.47        37.47
       131072          320        76.54        76.54        76.54
       262144          160       156.12       156.12       156.12
       524288           80       301.54       301.55       301.54
      1048576           40       599.65       599.70       599.68
      2097152           20      1196.94      1196.94      1196.94
      4194304           10      2389.22      2389.50      2389.36

#----------------------------------------------------------------
# Benchmarking Allgatherv 
# #processes = 4 
#----------------------------------------------------------------
       #bytes #repetitions  t_min[usec]  t_max[usec]  t_avg[usec]
            0         1000         0.03         0.03         0.03
            1         1000         4.97         4.97         4.97
            2         1000         4.62         4.62         4.62
            4         1000         4.58         4.58         4.58
            8         1000         4.63         4.63         4.63
           16         1000         4.63         4.63         4.63
           32         1000         4.66         4.66         4.66
           64         1000         4.68         4.68         4.68
          128         1000         4.77         4.77         4.77
          256         1000         4.96         4.96         4.96
          512         1000         5.28         5.28         5.28
         1024         1000         5.84         5.84         5.84
         2048         1000         9.87         9.88         9.88
         4096         1000        15.20        15.20        15.20
         8192         1000        20.79        20.79        20.79
        16384         1000        23.20        23.20        23.20
        32768         1000        43.79        43.79        43.79
        65536          640        84.75        84.75        84.75
       131072          320       164.27       164.27       164.27
       262144          160       317.92       317.93       317.92
       524288           80       622.71       622.94       622.83
      1048576           40      1236.02      1236.10      1236.05
      2097152           20      2569.75      2570.15      2569.96
      4194304           10      6319.81      6320.12      6319.93

#----------------------------------------------------------------
# Benchmarking Gather 
# #processes = 2 
# ( 2 additional processes waiting in MPI_Barrier)
#----------------------------------------------------------------
       #bytes #repetitions  t_min[usec]  t_max[usec]  t_avg[usec]
            0         1000         0.03         0.03         0.03
            1         1000         1.13         1.13         1.13
            2         1000         1.08         1.08         1.08
            4         1000         1.14         1.14         1.14
            8         1000         1.08         1.08         1.08
           16         1000         1.14         1.14         1.14
           32         1000         1.11         1.11         1.11
           64         1000         1.16         1.16         1.16
          128         1000         1.13         1.13         1.13
          256         1000         1.24         1.24         1.24
          512         1000         1.28         1.28         1.28
         1024         1000         1.58         1.58         1.58
         2048         1000         1.98         1.98         1.98
         4096         1000         3.66         3.66         3.66
         8192         1000         6.59         6.59         6.59
        16384         1000        10.50        10.50        10.50
        32768         1000        18.85        18.85        18.85
        65536          640        31.35        31.35        31.35
       131072          320        62.12        62.12        62.12
       262144          160       114.31       114.31       114.31
       524288           80       217.07       217.10       217.09
      1048576           40       409.53       409.53       409.53
      2097152           20       803.95       803.95       803.95
      4194304           10      1635.89      1636.00      1635.94

#----------------------------------------------------------------
# Benchmarking Gather 
# #processes = 4 
#----------------------------------------------------------------
       #bytes #repetitions  t_min[usec]  t_max[usec]  t_avg[usec]
            0         1000         0.03         0.03         0.03
            1         1000         1.23         1.23         1.23
            2         1000         1.22         1.22         1.22
            4         1000         1.25         1.25         1.25
            8         1000         1.22         1.22         1.22
           16         1000         1.24         1.25         1.24
           32         1000         1.24         1.25         1.24
           64         1000         1.25         1.25         1.25
          128         1000         1.29         1.30         1.30
          256         1000         1.42         1.42         1.42
          512         1000         1.54         1.55         1.54
         1024         1000         1.73         1.73         1.73
         2048         1000         2.18         2.18         2.18
         4096         1000         6.94         6.94         6.94
         8192         1000        12.45        12.45        12.45
        16384         1000        16.78        16.79        16.79
        32768         1000        25.30        25.31        25.31
        65536          640        45.97        46.00        45.99
       131072          320        99.94       100.14       100.07
       262144          160       178.02       178.42       178.28
       524288           80       347.24       348.20       347.90
      1048576           40       685.02       687.52       686.73
      2097152           20      1484.14      1488.60      1487.12
      4194304           10      3784.92      3795.70      3791.95

#----------------------------------------------------------------
# Benchmarking Gatherv 
# #processes = 2 
# ( 2 additional processes waiting in MPI_Barrier)
#----------------------------------------------------------------
       #bytes #repetitions  t_min[usec]  t_max[usec]  t_avg[usec]
            0         1000         0.05         0.05         0.05
            1         1000         1.04         1.04         1.04
            2         1000         1.05         1.05         1.05
            4         1000         1.06         1.06         1.06
            8         1000         1.09         1.10         1.09
           16         1000         1.06         1.06         1.06
           32         1000         1.07         1.07         1.07
           64         1000         1.05         1.05         1.05
          128         1000         1.15         1.15         1.15
          256         1000         1.17         1.17         1.17
          512         1000         1.26         1.26         1.26
         1024         1000         1.45         1.45         1.45
         2048         1000         1.98         1.99         1.99
         4096         1000         3.62         3.62         3.62
         8192         1000         5.37         5.38         5.37
        16384         1000         8.99         9.00         9.00
        32768         1000        16.07        16.07        16.07
        65536          640        27.57        27.57        27.57
       131072          320        50.09        50.13        50.11
       262144          160        93.98        94.14        94.06
       524288           80       178.58       179.24       178.91
      1048576           40       347.87       350.62       349.25
      2097152           20       685.89       696.99       691.44
      4194304           10      1372.60      1416.90      1394.75

#----------------------------------------------------------------
# Benchmarking Gatherv 
# #processes = 4 
#----------------------------------------------------------------
       #bytes #repetitions  t_min[usec]  t_max[usec]  t_avg[usec]
            0         1000         0.05         0.05         0.05
            1         1000         1.20         1.21         1.21
            2         1000         1.22         1.23         1.23
            4         1000         1.22         1.23         1.23
            8         1000         1.18         1.18         1.18
           16         1000         1.21         1.21         1.21
           32         1000         1.20         1.20         1.20
           64         1000         1.21         1.21         1.21
          128         1000         1.24         1.24         1.24
          256         1000         1.36         1.37         1.37
          512         1000         1.50         1.50         1.50
         1024         1000         1.66         1.66         1.66
         2048         1000         2.53         2.53         2.53
         4096         1000         6.91         6.91         6.91
         8192         1000        10.13        10.13        10.13
        16384         1000        17.64        17.65        17.64
        32768         1000        32.84        32.86        32.85
        65536          640        56.32        56.39        56.36
       131072          320       104.57       104.80       104.70
       262144          160       182.08       183.03       182.60
       524288           80       346.65       350.69       348.91
      1048576           40       655.40       672.02       664.77
      2097152           20      1344.50      1412.11      1382.18
      4194304           10      2929.71      3205.99      3108.42

#----------------------------------------------------------------
# Benchmarking Scatter 
# #processes = 2 
# ( 2 additional processes waiting in MPI_Barrier)
#----------------------------------------------------------------
       #bytes #repetitions  t_min[usec]  t_max[usec]  t_avg[usec]
            0         1000         0.03         0.03         0.03
            1         1000         1.05         1.05         1.05
            2         1000         1.12         1.12         1.12
            4         1000         1.09         1.09         1.09
            8         1000         1.08         1.08         1.08
           16         1000         1.06         1.06         1.06
           32         1000         1.07         1.07         1.07
           64         1000         1.41         1.41         1.41
          128         1000         1.12         1.12         1.12
          256         1000         1.17         1.17         1.17
          512         1000         1.24         1.25         1.24
         1024         1000         1.50         1.50         1.50
         2048         1000         1.95         1.95         1.95
         4096         1000         3.62         3.62         3.62
         8192         1000         5.34         5.34         5.34
        16384         1000         8.88         8.88         8.88
        32768         1000        16.18        16.18        16.18
        65536          640        27.00        27.01        27.01
       131072          320        49.35        49.39        49.37
       262144          160        94.02        94.18        94.10
       524288           80       178.49       179.15       178.82
      1048576           40       347.70       350.40       349.05
      2097152           20       685.25       696.10       690.67
      4194304           10      1383.09      1427.60      1405.35

#----------------------------------------------------------------
# Benchmarking Scatter 
# #processes = 4 
#----------------------------------------------------------------
       #bytes #repetitions  t_min[usec]  t_max[usec]  t_avg[usec]
            0         1000         0.03         0.03         0.03
            1         1000         1.54         1.54         1.54
            2         1000         1.58         1.58         1.58
            4         1000         1.56         1.56         1.56
            8         1000         1.57         1.57         1.57
           16         1000         1.58         1.58         1.58
           32         1000         1.60         1.60         1.60
           64         1000         1.57         1.57         1.57
          128         1000         1.61         1.61         1.61
          256         1000         1.72         1.72         1.72
          512         1000         1.83         1.83         1.83
         1024         1000         2.07         2.07         2.07
         2048         1000         2.63         2.64         2.63
         4096         1000         8.15         8.16         8.16
         8192         1000        11.45        11.46        11.46
        16384         1000        19.24        19.26        19.25
        32768         1000        36.13        36.17        36.15
        65536          640        58.66        58.73        58.70
       131072          320       106.64       106.91       106.79
       262144          160       185.64       186.70       186.23
       524288           80       343.96       348.23       346.35
      1048576           40       657.55       674.53       667.09
      2097152           20      1336.10      1406.60      1375.47
      4194304           10      3021.38      3299.50      3197.46

#----------------------------------------------------------------
# Benchmarking Scatterv 
# #processes = 2 
# ( 2 additional processes waiting in MPI_Barrier)
#----------------------------------------------------------------
       #bytes #repetitions  t_min[usec]  t_max[usec]  t_avg[usec]
            0         1000         0.05         0.05         0.05
            1         1000         1.09         1.09         1.09
            2         1000         1.06         1.06         1.06
            4         1000         1.11         1.11         1.11
            8         1000         1.07         1.07         1.07
           16         1000         1.10         1.10         1.10
           32         1000         1.08         1.08         1.08
           64         1000         1.15         1.15         1.15
          128         1000         1.07         1.07         1.07
          256         1000         1.20         1.20         1.20
          512         1000         1.27         1.27         1.27
         1024         1000         1.45         1.45         1.45
         2048         1000         1.96         1.96         1.96
         4096         1000         3.65         3.65         3.65
         8192         1000         5.32         5.33         5.33
        16384         1000         8.91         8.91         8.91
        32768         1000        16.28        16.28        16.28
        65536          640        27.38        27.38        27.38
       131072          320        49.80        49.84        49.82
       262144          160        94.32        94.48        94.40
       524288           80       178.85       179.51       179.18
      1048576           40       348.17       350.95       349.56
      2097152           20       685.80       696.71       691.25
      4194304           10      1377.20      1421.59      1399.40

#----------------------------------------------------------------
# Benchmarking Scatterv 
# #processes = 4 
#----------------------------------------------------------------
       #bytes #repetitions  t_min[usec]  t_max[usec]  t_avg[usec]
            0         1000         0.05         0.05         0.05
            1         1000         1.61         1.61         1.61
            2         1000         1.59         1.59         1.59
            4         1000         1.59         1.59         1.59
            8         1000         1.59         1.59         1.59
           16         1000         1.61         1.61         1.61
           32         1000         1.61         1.61         1.61
           64         1000         1.63         1.63         1.63
          128         1000         1.59         1.59         1.59
          256         1000         1.75         1.76         1.76
          512         1000         1.83         1.83         1.83
         1024         1000         2.07         2.07         2.07
         2048         1000         2.62         2.62         2.62
         4096         1000         7.75         7.76         7.76
         8192         1000        11.49        11.50        11.50
        16384         1000        19.28        19.30        19.29
        32768         1000        35.54        35.57        35.56
        65536          640        58.58        58.66        58.62
       131072          320       105.83       106.10       105.98
       262144          160       185.67       186.74       186.27
       524288           80       344.03       348.37       346.47
      1048576           40       657.25       674.53       667.00
      2097152           20      1336.85      1407.66      1376.35
      4194304           10      3019.91      3299.78      3197.40

#----------------------------------------------------------------
# Benchmarking Alltoall 
# #processes = 2 
# ( 2 additional processes waiting in MPI_Barrier)
#----------------------------------------------------------------
       #bytes #repetitions  t_min[usec]  t_max[usec]  t_avg[usec]
            0         1000         0.02         0.02         0.02
            1         1000         1.14         1.14         1.14
            2         1000         1.12         1.12         1.12
            4         1000         1.12         1.12         1.12
            8         1000         1.14         1.14         1.14
           16         1000         1.15         1.15         1.15
           32         1000         1.14         1.14         1.14
           64         1000         1.14         1.14         1.14
          128         1000         1.15         1.15         1.15
          256         1000         1.25         1.25         1.25
          512         1000         1.31         1.31         1.31
         1024         1000         1.64         1.64         1.64
         2048         1000         2.14         2.14         2.14
         4096         1000         4.78         4.78         4.78
         8192         1000         6.95         6.95         6.95
        16384         1000        10.83        10.83        10.83
        32768         1000        19.51        19.51        19.51
        65536          640        37.87        37.87        37.87
       131072          320        77.59        77.59        77.59
       262144          160       153.21       153.21       153.21
       524288           80       301.10       301.11       301.11
      1048576           40       607.72       607.72       607.72
      2097152           20      1194.80      1194.85      1194.82
      4194304           10      2477.10      2478.81      2477.96

#----------------------------------------------------------------
# Benchmarking Alltoall 
# #processes = 4 
#----------------------------------------------------------------
       #bytes #repetitions  t_min[usec]  t_max[usec]  t_avg[usec]
            0         1000         0.02         0.03         0.02
            1         1000         4.13         4.14         4.13
            2         1000         4.14         4.15         4.14
            4         1000         4.16         4.16         4.16
            8         1000         4.20         4.21         4.20
           16         1000         4.18         4.18         4.18
           32         1000         4.12         4.12         4.12
           64         1000         4.16         4.16         4.16
          128         1000         4.21         4.21         4.21
          256         1000         4.37         4.37         4.37
          512         1000         4.59         4.60         4.60
         1024         1000         5.04         5.04         5.04
         2048         1000         6.18         6.18         6.18
         4096         1000        14.49        14.49        14.49
         8192         1000        20.28        20.28        20.28
        16384         1000        35.09        35.09        35.09
        32768         1000        69.98        69.98        69.98
        65536          640       128.29       128.30       128.30
       131072          320       229.76       229.77       229.76
       262144          160       410.84       410.86       410.85
       524288           80       761.81       761.82       761.82
      1048576           40      1519.20      1519.53      1519.36
      2097152           20      3819.94      3820.35      3820.11
      4194304           10      8039.19      8040.60      8039.95

#----------------------------------------------------------------
# Benchmarking Alltoallv 
# #processes = 2 
# ( 2 additional processes waiting in MPI_Barrier)
#----------------------------------------------------------------
       #bytes #repetitions  t_min[usec]  t_max[usec]  t_avg[usec]
            0         1000         0.05         0.05         0.05
            1         1000         1.11         1.11         1.11
            2         1000         1.10         1.10         1.10
            4         1000         1.12         1.12         1.12
            8         1000         1.10         1.10         1.10
           16         1000         1.12         1.12         1.12
           32         1000         1.11         1.11         1.11
           64         1000         1.14         1.14         1.14
          128         1000         1.11         1.11         1.11
          256         1000         1.25         1.25         1.25
          512         1000         1.31         1.31         1.31
         1024         1000         1.67         1.67         1.67
         2048         1000         2.10         2.10         2.10
         4096         1000         4.79         4.79         4.79
         8192         1000         7.09         7.09         7.09
        16384         1000        10.84        10.84        10.84
        32768         1000        19.17        19.17        19.17
        65536          640        37.98        37.98        37.98
       131072          320        77.48        77.48        77.48
       262144          160       155.11       155.12       155.12
       524288           80       300.85       300.85       300.85
      1048576           40       598.87       598.87       598.87
      2097152           20      1196.24      1196.30      1196.27
      4194304           10      2448.30      2448.30      2448.30

#----------------------------------------------------------------
# Benchmarking Alltoallv 
# #processes = 4 
#----------------------------------------------------------------
       #bytes #repetitions  t_min[usec]  t_max[usec]  t_avg[usec]
            0         1000         0.05         0.06         0.05
            1         1000         4.03         4.03         4.03
            2         1000         4.04         4.04         4.04
            4         1000         4.01         4.01         4.01
            8         1000         4.00         4.00         4.00
           16         1000         4.04         4.04         4.04
           32         1000         4.04         4.04         4.04
           64         1000         4.04         4.05         4.04
          128         1000         4.08         4.08         4.08
          256         1000         4.34         4.34         4.34
          512         1000         4.67         4.67         4.67
         1024         1000         5.04         5.04         5.04
         2048         1000         6.25         6.25         6.25
         4096         1000        15.66        15.67        15.67
         8192         1000        19.87        19.87        19.87
        16384         1000        28.56        28.57        28.56
        32768         1000        51.99        51.99        51.99
        65536          640        96.52        96.53        96.52
       131072          320       187.32       187.33       187.33
       262144          160       365.78       365.88       365.84
       524288           80       720.58       720.73       720.67
      1048576           40      1458.65      1459.03      1458.89
      2097152           20      3721.40      3722.20      3721.98
      4194304           10      7939.10      7940.91      7940.00

#----------------------------------------------------------------
# Benchmarking Bcast 
# #processes = 2 
# ( 2 additional processes waiting in MPI_Barrier)
#----------------------------------------------------------------
       #bytes #repetitions  t_min[usec]  t_max[usec]  t_avg[usec]
            0         1000         0.02         0.02         0.02
            1         1000         1.14         1.14         1.14
            2         1000         1.15         1.15         1.15
            4         1000         1.14         1.14         1.14
            8         1000         1.15         1.15         1.15
           16         1000         1.12         1.12         1.12
           32         1000         1.18         1.18         1.18
           64         1000         1.14         1.14         1.14
          128         1000         1.21         1.21         1.21
          256         1000         1.25         1.25         1.25
          512         1000         1.32         1.32         1.32
         1024         1000         1.57         1.57         1.57
         2048         1000         2.46         2.47         2.47
         4096         1000         3.47         3.47         3.47
         8192         1000         6.14         6.14         6.14
        16384         1000        10.65        10.65        10.65
        32768         1000        18.90        18.90        18.90
        65536          640        38.45        38.45        38.45
       131072          320        70.66        70.67        70.66
       262144          160       128.04       128.04       128.04
       524288           80       175.50       175.51       175.51
      1048576           40       351.67       351.67       351.67
      2097152           20       697.10       697.10       697.10
      4194304           10      1391.22      1391.32      1391.27

#----------------------------------------------------------------
# Benchmarking Bcast 
# #processes = 4 
#----------------------------------------------------------------
       #bytes #repetitions  t_min[usec]  t_max[usec]  t_avg[usec]
            0         1000         0.02         0.02         0.02
            1         1000         1.48         1.48         1.48
            2         1000         1.47         1.47         1.47
            4         1000         1.47         1.47         1.47
            8         1000         1.48         1.49         1.48
           16         1000         1.48         1.48         1.48
           32         1000         1.50         1.50         1.50
           64         1000         1.48         1.48         1.48
          128         1000         1.50         1.50         1.50
          256         1000         1.60         1.60         1.60
          512         1000         1.76         1.76         1.76
         1024         1000         1.99         2.00         2.00
         2048         1000         3.54         3.54         3.54
         4096         1000         5.30         5.30         5.30
         8192         1000        11.21        11.21        11.21
        16384         1000        18.18        18.18        18.18
        32768         1000        32.41        32.41        32.41
        65536          640        61.41        61.42        61.41
       131072          320       119.34       119.38       119.36
       262144          160       232.72       232.91       232.81
       524288           80       417.31       418.13       417.72
      1048576           40       823.27       826.15       824.71
      2097152           20      1022.95      1027.70      1026.20
      4194304           10      2001.40      2011.01      2008.01

#---------------------------------------------------
# Benchmarking Barrier 
# #processes = 2 
# ( 2 additional processes waiting in MPI_Barrier)
#---------------------------------------------------
 #repetitions  t_min[usec]  t_max[usec]  t_avg[usec]
         1000         1.12         1.12         1.12

#---------------------------------------------------
# Benchmarking Barrier 
# #processes = 4 
#---------------------------------------------------
 #repetitions  t_min[usec]  t_max[usec]  t_avg[usec]
         1000         2.39         2.39         2.39


# All processes entering MPI_Finalize

