./tools.c:211:3: warning: no newline at end of file
librdmacm: couldn't read ABI version.
librdmacm: assuming: 4
librdmacm: couldn't read ABI version.
librdmacm: assuming: 4
--------------------------------------------------------------------------
[[16752,1],1]: A high-performance Open MPI point-to-point messaging module
was unable to find any relevant network interfaces:

Module: OpenFabrics (openib)
  Host: wn04.dir.garr.it

Another transport will be used instead, although this may result in
lower performance.
--------------------------------------------------------------------------
librdmacm: couldn't read ABI version.
librdmacm: assuming: 4
librdmacm: couldn't read ABI version.
librdmacm: assuming: 4
librdmacm: couldn't read ABI version.
librdmacm: assuming: 4
librdmacm: couldn't read ABI version.
librdmacm: assuming: 4
librdmacm: couldn't read ABI version.
librdmacm: assuming: 4
librdmacm: couldn't read ABI version.
librdmacm: assuming: 4
[wn04.dir.garr.it:30226] 7 more processes have sent help message help-mpi-btl-base.txt / btl:no-nics
[wn04.dir.garr.it:30226] Set MCA parameter "orte_base_help_aggregate" to 0 to see all help / error messages
