o3parallel/
o3parallel/Makefile
o3parallel/o3_hooks.sh
o3parallel/medidas.c
o3parallel/o3sg_8
o3parallel/inicia.c
o3parallel/root.c
o3parallel/aritm.h
o3parallel/o3sg.h
o3parallel/update.c
o3parallel/worker.c
mpicc  -c -O3  -funroll-loops -finline-functions -ffast-math -I`echo `/../include  -DL=8  worker.c
mpicc  -c -O3  -funroll-loops -finline-functions -ffast-math -I`echo `/../include  -DL=8  update.c
mpicc  -c -O3  -funroll-loops -finline-functions -ffast-math -I`echo `/../include  -DL=8  inicia.c
mpicc  -c -O3  -funroll-loops -finline-functions -ffast-math -I`echo `/../include  -DL=8  medidas.c
mpicc  -c -O3  -funroll-loops -finline-functions -ffast-math -I`echo `/../include  -DL=8  root.c
mpicc -O3  -funroll-loops -finline-functions -ffast-math worker.o update.o inicia.o medidas.o root.o -lm -o o3sg_8
itsample 10 
nbin     10 
itcut    0 
itmax    150 
niter_hb 1 
niter_ov 5 
flag     0 
flagJ    0 
seed     1454522711 
beta     3.000000 
itsample 10 
nbin     10 
itcut    0 
itmax    150 
niter_hb 1 
niter_ov 5 
flag     0 
flagJ    0 
seed     1454522711 
beta     3.000000 
itsample 10 
nbin     10 
itcut    0 
itmax    150 
niter_hb 1 
niter_ov 5 
flag     0 
flagJ    0 
seed     1454522711 
beta     3.000000 
New 0 Sample, J=0.062476 0.292416 0.466665 0.607715 -1.003359 1.002141
New 0 Sample, J=0.062476 0.292416 0.466665 0.607715 -1.003359 1.002141
New 0 Sample, J=0.062476 0.292416 0.466665 0.607715 -1.003359 1.002141
i=  0,E= 0.4785,Er= 0.4789,X=22.2879724 F= 6.6368633 SD= 3.0003 SDr= 3.0055
i=  0,E= 0.4785,Er= 0.4789,X=22.2879724 F= 6.6368633 SD= 3.0003 SDr= 3.0055
i=  0,E= 0.4785,Er= 0.4789,X=22.2879724 F= 6.6368633 SD= 3.0003 SDr= 3.0055
i=  1,E= 0.4801,Er= 0.4796,X=21.4084278 F= 6.8217414 SD= 3.0052 SDr= 3.0018
i=  1,E= 0.4801,Er= 0.4796,X=21.4084278 F= 6.8217414 SD= 3.0052 SDr= 3.0018
i=  2,E= 0.4791,Er= 0.4805,X=21.8183632 F= 6.8634993 SD= 2.9890 SDr= 3.0238
i=  2,E= 0.4791,Er= 0.4805,X=21.8183632 F= 6.8634993 SD= 2.9890 SDr= 3.0238
i=  1,E= 0.4801,Er= 0.4796,X=21.4084278 F= 6.8217414 SD= 3.0052 SDr= 3.0018
i=  3,E= 0.4790,Er= 0.4784,X=21.1220429 F= 6.6635989 SD= 2.9911 SDr= 2.9802
i=  3,E= 0.4790,Er= 0.4784,X=21.1220429 F= 6.6635989 SD= 2.9911 SDr= 2.9802
i=  2,E= 0.4791,Er= 0.4805,X=21.8183632 F= 6.8634993 SD= 2.9890 SDr= 3.0238
i=  4,E= 0.4789,Er= 0.4800,X=21.6956322 F= 6.8904470 SD= 2.9954 SDr= 3.0049
i=  4,E= 0.4789,Er= 0.4800,X=21.6956322 F= 6.8904470 SD= 2.9954 SDr= 3.0049
i=  5,E= 0.4787,Er= 0.4796,X=20.9076832 F= 6.9192605 SD= 2.9821 SDr= 3.0035
i=  5,E= 0.4787,Er= 0.4796,X=20.9076832 F= 6.9192605 SD= 2.9821 SDr= 3.0035
i=  3,E= 0.4790,Er= 0.4784,X=21.1220429 F= 6.6635989 SD= 2.9911 SDr= 2.9802
i=  6,E= 0.4793,Er= 0.4792,X=21.9523707 F= 6.6670313 SD= 3.0067 SDr= 3.0048
i=  6,E= 0.4793,Er= 0.4792,X=21.9523707 F= 6.6670313 SD= 3.0067 SDr= 3.0048
i=  7,E= 0.4801,Er= 0.4787,X=21.7085349 F= 7.0118924 SD= 3.0063 SDr= 2.9800
i=  4,E= 0.4789,Er= 0.4800,X=21.6956322 F= 6.8904470 SD= 2.9954 SDr= 3.0049
i=  7,E= 0.4801,Er= 0.4787,X=21.7085349 F= 7.0118924 SD= 3.0063 SDr= 2.9800
i=  8,E= 0.4785,Er= 0.4796,X=21.7387286 F= 6.8614457 SD= 2.9790 SDr= 3.0081
i=  5,E= 0.4787,Er= 0.4796,X=20.9076832 F= 6.9192605 SD= 2.9821 SDr= 3.0035
i=  8,E= 0.4785,Er= 0.4796,X=21.7387286 F= 6.8614457 SD= 2.9790 SDr= 3.0081
i=  9,E= 0.4798,Er= 0.4792,X=21.8169923 F= 6.9474830 SD= 3.0154 SDr= 2.9966
i=  6,E= 0.4793,Er= 0.4792,X=21.9523707 F= 6.6670313 SD= 3.0067 SDr= 3.0048
New 1 Sample, J=2.673774 0.619978 -1.706797 1.242772 -1.001451 -0.427048
i=  9,E= 0.4798,Er= 0.4792,X=21.8169923 F= 6.9474830 SD= 3.0154 SDr= 2.9966
i=  0,E= 0.5029,Er= 0.5028,X=18.6810811 F= 6.7780726 SD= 2.9682 SDr= 2.9552
New 1 Sample, J=2.673774 0.619978 -1.706797 1.242772 -1.001451 -0.427048
i=  1,E= 0.5046,Er= 0.5050,X=19.4574088 F= 6.8074590 SD= 2.9847 SDr= 3.0193
i=  7,E= 0.4801,Er= 0.4787,X=21.7085349 F= 7.0118924 SD= 3.0063 SDr= 2.9800
i=  0,E= 0.5029,Er= 0.5028,X=18.6810811 F= 6.7780726 SD= 2.9682 SDr= 2.9552
i=  8,E= 0.4785,Er= 0.4796,X=21.7387286 F= 6.8614457 SD= 2.9790 SDr= 3.0081
i=  1,E= 0.5046,Er= 0.5050,X=19.4574088 F= 6.8074590 SD= 2.9847 SDr= 3.0193
i=  9,E= 0.4798,Er= 0.4792,X=21.8169923 F= 6.9474830 SD= 3.0154 SDr= 2.9966
i=  2,E= 0.5052,Er= 0.5053,X=20.3482605 F= 6.9949356 SD= 2.9951 SDr= 3.0212
i=  2,E= 0.5052,Er= 0.5053,X=20.3482605 F= 6.9949356 SD= 2.9951 SDr= 3.0212
New 1 Sample, J=2.673774 0.619978 -1.706797 1.242772 -1.001451 -0.427048
i=  3,E= 0.5058,Er= 0.5061,X=21.4698899 F= 6.9447402 SD= 3.0130 SDr= 3.0035
i=  3,E= 0.5058,Er= 0.5061,X=21.4698899 F= 6.9447402 SD= 3.0130 SDr= 3.0035
i=  0,E= 0.5029,Er= 0.5028,X=18.6810811 F= 6.7780726 SD= 2.9682 SDr= 2.9552
i=  4,E= 0.5040,Er= 0.5041,X=18.5829806 F= 7.0487778 SD= 2.9837 SDr= 2.9879
i=  4,E= 0.5040,Er= 0.5041,X=18.5829806 F= 7.0487778 SD= 2.9837 SDr= 2.9879
i=  1,E= 0.5046,Er= 0.5050,X=19.4574088 F= 6.8074590 SD= 2.9847 SDr= 3.0193
i=  5,E= 0.5048,Er= 0.5048,X=19.4720459 F= 6.9009966 SD= 3.0100 SDr= 2.9825
i=  5,E= 0.5048,Er= 0.5048,X=19.4720459 F= 6.9009966 SD= 3.0100 SDr= 2.9825
i=  2,E= 0.5052,Er= 0.5053,X=20.3482605 F= 6.9949356 SD= 2.9951 SDr= 3.0212
i=  6,E= 0.5059,Er= 0.5049,X=19.7840089 F= 6.9724378 SD= 3.0134 SDr= 2.9980
i=  3,E= 0.5058,Er= 0.5061,X=21.4698899 F= 6.9447402 SD= 3.0130 SDr= 3.0035
i=  6,E= 0.5059,Er= 0.5049,X=19.7840089 F= 6.9724378 SD= 3.0134 SDr= 2.9980
i=  7,E= 0.5042,Er= 0.5047,X=18.9282236 F= 7.0085806 SD= 2.9753 SDr= 3.0051
i=  7,E= 0.5042,Er= 0.5047,X=18.9282236 F= 7.0085806 SD= 2.9753 SDr= 3.0051
i=  4,E= 0.5040,Er= 0.5041,X=18.5829806 F= 7.0487778 SD= 2.9837 SDr= 2.9879
i=  8,E= 0.5046,Er= 0.5058,X=21.8413091 F= 6.7170611 SD= 2.9946 SDr= 3.0305
i=  8,E= 0.5046,Er= 0.5058,X=21.8413091 F= 6.7170611 SD= 2.9946 SDr= 3.0305
i=  9,E= 0.5048,Er= 0.5057,X=20.9188739 F= 6.8716703 SD= 2.9961 SDr= 3.0182
i=  9,E= 0.5048,Er= 0.5057,X=20.9188739 F= 6.8716703 SD= 2.9961 SDr= 3.0182
i=  5,E= 0.5048,Er= 0.5048,X=19.4720459 F= 6.9009966 SD= 3.0100 SDr= 2.9825
New 2 Sample, J=-0.713117 0.809166 1.862229 0.120222 -0.312726 0.908914
New 2 Sample, J=-0.713117 0.809166 1.862229 0.120222 -0.312726 0.908914
i=  6,E= 0.5059,Er= 0.5049,X=19.7840089 F= 6.9724378 SD= 3.0134 SDr= 2.9980
i=  0,E= 0.4857,Er= 0.4862,X=17.9568687 F= 6.8964409 SD= 2.9802 SDr= 2.9714
i=  0,E= 0.4857,Er= 0.4862,X=17.9568687 F= 6.8964409 SD= 2.9802 SDr= 2.9714
i=  7,E= 0.5042,Er= 0.5047,X=18.9282236 F= 7.0085806 SD= 2.9753 SDr= 3.0051
i=  1,E= 0.4873,Er= 0.4874,X=18.9163976 F= 6.7236549 SD= 3.0150 SDr= 3.0204
i=  1,E= 0.4873,Er= 0.4874,X=18.9163976 F= 6.7236549 SD= 3.0150 SDr= 3.0204
i=  8,E= 0.5046,Er= 0.5058,X=21.8413091 F= 6.7170611 SD= 2.9946 SDr= 3.0305
i=  2,E= 0.4872,Er= 0.4874,X=18.7954086 F= 6.6627347 SD= 3.0089 SDr= 3.0038
i=  2,E= 0.4872,Er= 0.4874,X=18.7954086 F= 6.6627347 SD= 3.0089 SDr= 3.0038
i=  9,E= 0.5048,Er= 0.5057,X=20.9188739 F= 6.8716703 SD= 2.9961 SDr= 3.0182
i=  3,E= 0.4880,Er= 0.4879,X=19.1512585 F= 6.8681412 SD= 3.0201 SDr= 3.0239
New 2 Sample, J=-0.713117 0.809166 1.862229 0.120222 -0.312726 0.908914
i=  4,E= 0.4878,Er= 0.4880,X=18.7741552 F= 6.7983787 SD= 3.0127 SDr= 3.0398
i=  0,E= 0.4857,Er= 0.4862,X=17.9568687 F= 6.8964409 SD= 2.9802 SDr= 2.9714
i=  3,E= 0.4880,Er= 0.4879,X=19.1512585 F= 6.8681412 SD= 3.0201 SDr= 3.0239
i=  1,E= 0.4873,Er= 0.4874,X=18.9163976 F= 6.7236549 SD= 3.0150 SDr= 3.0204
i=  5,E= 0.4868,Er= 0.4878,X=19.0860568 F= 6.9915507 SD= 2.9729 SDr= 3.0134
i=  6,E= 0.4885,Er= 0.4885,X=20.2244646 F= 6.9336485 SD= 3.0179 SDr= 3.0282
i=  7,E= 0.4869,Er= 0.4863,X=18.1985973 F= 6.7751155 SD= 2.9839 SDr= 2.9886
i=  4,E= 0.4878,Er= 0.4880,X=18.7741552 F= 6.7983787 SD= 3.0127 SDr= 3.0398
i=  2,E= 0.4872,Er= 0.4874,X=18.7954086 F= 6.6627347 SD= 3.0089 SDr= 3.0038
i=  8,E= 0.4878,Er= 0.4869,X=18.0745543 F= 7.0638864 SD= 3.0186 SDr= 3.0052
i=  3,E= 0.4880,Er= 0.4879,X=19.1512585 F= 6.8681412 SD= 3.0201 SDr= 3.0239
i=  9,E= 0.4869,Er= 0.4865,X=18.7513545 F= 6.8836417 SD= 2.9828 SDr= 2.9893
i=  4,E= 0.4878,Er= 0.4880,X=18.7741552 F= 6.7983787 SD= 3.0127 SDr= 3.0398
New 3 Sample, J=0.820549 -0.007502 -0.228034 1.083362 -0.108137 -0.508170
i=  5,E= 0.4868,Er= 0.4878,X=19.0860568 F= 6.9915507 SD= 2.9729 SDr= 3.0134
i=  0,E= 0.5028,Er= 0.5035,X=23.2642714 F= 7.0121953 SD= 2.9526 SDr= 2.9632
i=  5,E= 0.4868,Er= 0.4878,X=19.0860568 F= 6.9915507 SD= 2.9729 SDr= 3.0134
i=  6,E= 0.4885,Er= 0.4885,X=20.2244646 F= 6.9336485 SD= 3.0179 SDr= 3.0282
i=  1,E= 0.5045,Er= 0.5051,X=24.3885580 F= 7.0598140 SD= 2.9957 SDr= 2.9948
i=  6,E= 0.4885,Er= 0.4885,X=20.2244646 F= 6.9336485 SD= 3.0179 SDr= 3.0282
i=  7,E= 0.4869,Er= 0.4863,X=18.1985973 F= 6.7751155 SD= 2.9839 SDr= 2.9886
i=  8,E= 0.4878,Er= 0.4869,X=18.0745543 F= 7.0638864 SD= 3.0186 SDr= 3.0052
i=  2,E= 0.5064,Er= 0.5048,X=24.7066956 F= 7.1514166 SD= 3.0148 SDr= 2.9918
i=  9,E= 0.4869,Er= 0.4865,X=18.7513545 F= 6.8836417 SD= 2.9828 SDr= 2.9893
New 3 Sample, J=0.820549 -0.007502 -0.228034 1.083362 -0.108137 -0.508170
i=  3,E= 0.5038,Er= 0.5054,X=22.1361589 F= 7.2552917 SD= 2.9705 SDr= 3.0022
i=  7,E= 0.4869,Er= 0.4863,X=18.1985973 F= 6.7751155 SD= 2.9839 SDr= 2.9886
i=  0,E= 0.5028,Er= 0.5035,X=23.2642714 F= 7.0121953 SD= 2.9526 SDr= 2.9632
i=  4,E= 0.5047,Er= 0.5046,X=24.7126975 F= 6.9873000 SD= 2.9976 SDr= 2.9868
i=  1,E= 0.5045,Er= 0.5051,X=24.3885580 F= 7.0598140 SD= 2.9957 SDr= 2.9948
i=  8,E= 0.4878,Er= 0.4869,X=18.0745543 F= 7.0638864 SD= 3.0186 SDr= 3.0052
i=  5,E= 0.5041,Er= 0.5050,X=24.0751677 F= 7.0694434 SD= 2.9995 SDr= 2.9912
i=  2,E= 0.5064,Er= 0.5048,X=24.7066956 F= 7.1514166 SD= 3.0148 SDr= 2.9918
i=  9,E= 0.4869,Er= 0.4865,X=18.7513545 F= 6.8836417 SD= 2.9828 SDr= 2.9893
New 3 Sample, J=0.820549 -0.007502 -0.228034 1.083362 -0.108137 -0.508170
i=  3,E= 0.5038,Er= 0.5054,X=22.1361589 F= 7.2552917 SD= 2.9705 SDr= 3.0022
i=  0,E= 0.5028,Er= 0.5035,X=23.2642714 F= 7.0121953 SD= 2.9526 SDr= 2.9632
i=  4,E= 0.5047,Er= 0.5046,X=24.7126975 F= 6.9873000 SD= 2.9976 SDr= 2.9868
i=  6,E= 0.5060,Er= 0.5052,X=23.5751471 F= 7.1959598 SD= 3.0281 SDr= 3.0119
i=  1,E= 0.5045,Er= 0.5051,X=24.3885580 F= 7.0598140 SD= 2.9957 SDr= 2.9948
i=  5,E= 0.5041,Er= 0.5050,X=24.0751677 F= 7.0694434 SD= 2.9995 SDr= 2.9912
i=  2,E= 0.5064,Er= 0.5048,X=24.7066956 F= 7.1514166 SD= 3.0148 SDr= 2.9918
i=  7,E= 0.5053,Er= 0.5054,X=24.7225696 F= 7.0595414 SD= 3.0025 SDr= 2.9945
i=  6,E= 0.5060,Er= 0.5052,X=23.5751471 F= 7.1959598 SD= 3.0281 SDr= 3.0119
i=  8,E= 0.5055,Er= 0.5049,X=23.7097798 F= 7.1845629 SD= 3.0257 SDr= 3.0054
i=  3,E= 0.5038,Er= 0.5054,X=22.1361589 F= 7.2552917 SD= 2.9705 SDr= 3.0022
i=  7,E= 0.5053,Er= 0.5054,X=24.7225696 F= 7.0595414 SD= 3.0025 SDr= 2.9945
i=  4,E= 0.5047,Er= 0.5046,X=24.7126975 F= 6.9873000 SD= 2.9976 SDr= 2.9868
i=  8,E= 0.5055,Er= 0.5049,X=23.7097798 F= 7.1845629 SD= 3.0257 SDr= 3.0054
i=  5,E= 0.5041,Er= 0.5050,X=24.0751677 F= 7.0694434 SD= 2.9995 SDr= 2.9912
i=  9,E= 0.5037,Er= 0.5049,X=25.3603189 F= 6.8515773 SD= 2.9856 SDr= 3.0088
i=  9,E= 0.5037,Er= 0.5049,X=25.3603189 F= 6.8515773 SD= 2.9856 SDr= 3.0088
New 4 Sample, J=-0.148110 0.051039 0.132382 1.180746 0.016382 0.540148
New 4 Sample, J=-0.148110 0.051039 0.132382 1.180746 0.016382 0.540148
i=  0,E= 0.4875,Er= 0.4877,X=15.0417001 F= 6.7540680 SD= 2.9745 SDr= 2.9796
i=  0,E= 0.4875,Er= 0.4877,X=15.0417001 F= 6.7540680 SD= 2.9745 SDr= 2.9796
i=  6,E= 0.5060,Er= 0.5052,X=23.5751471 F= 7.1959598 SD= 3.0281 SDr= 3.0119
i=  1,E= 0.4894,Er= 0.4892,X=17.0358229 F= 6.4596298 SD= 3.0050 SDr= 3.0015
i=  7,E= 0.5053,Er= 0.5054,X=24.7225696 F= 7.0595414 SD= 3.0025 SDr= 2.9945
i=  2,E= 0.4899,Er= 0.4894,X=16.9793071 F= 6.5680649 SD= 3.0070 SDr= 3.0033
i=  8,E= 0.5055,Er= 0.5049,X=23.7097798 F= 7.1845629 SD= 3.0257 SDr= 3.0054
i=  3,E= 0.4888,Er= 0.4891,X=15.5865267 F= 6.6203111 SD= 2.9986 SDr= 3.0039
i=  1,E= 0.4894,Er= 0.4892,X=17.0358229 F= 6.4596298 SD= 3.0050 SDr= 3.0015
i=  9,E= 0.5037,Er= 0.5049,X=25.3603189 F= 6.8515773 SD= 2.9856 SDr= 3.0088
i=  4,E= 0.4894,Er= 0.4896,X=17.0603375 F= 6.7939923 SD= 2.9823 SDr= 3.0034
New 4 Sample, J=-0.148110 0.051039 0.132382 1.180746 0.016382 0.540148
i=  2,E= 0.4899,Er= 0.4894,X=16.9793071 F= 6.5680649 SD= 3.0070 SDr= 3.0033
i=  5,E= 0.4892,Er= 0.4890,X=16.9658104 F= 6.6823266 SD= 3.0067 SDr= 3.0019
i=  0,E= 0.4875,Er= 0.4877,X=15.0417001 F= 6.7540680 SD= 2.9745 SDr= 2.9796
i=  3,E= 0.4888,Er= 0.4891,X=15.5865267 F= 6.6203111 SD= 2.9986 SDr= 3.0039
i=  4,E= 0.4894,Er= 0.4896,X=17.0603375 F= 6.7939923 SD= 2.9823 SDr= 3.0034
i=  1,E= 0.4894,Er= 0.4892,X=17.0358229 F= 6.4596298 SD= 3.0050 SDr= 3.0015
i=  6,E= 0.4894,Er= 0.4892,X=16.5499129 F= 6.6071223 SD= 2.9924 SDr= 3.0077
i=  5,E= 0.4892,Er= 0.4890,X=16.9658104 F= 6.6823266 SD= 3.0067 SDr= 3.0019
i=  2,E= 0.4899,Er= 0.4894,X=16.9793071 F= 6.5680649 SD= 3.0070 SDr= 3.0033
i=  7,E= 0.4891,Er= 0.4896,X=17.3570574 F= 6.6182320 SD= 2.9979 SDr= 3.0154
i=  6,E= 0.4894,Er= 0.4892,X=16.5499129 F= 6.6071223 SD= 2.9924 SDr= 3.0077
i=  3,E= 0.4888,Er= 0.4891,X=15.5865267 F= 6.6203111 SD= 2.9986 SDr= 3.0039
i=  8,E= 0.4894,Er= 0.4897,X=16.8665465 F= 6.7155237 SD= 3.0029 SDr= 3.0165
i=  4,E= 0.4894,Er= 0.4896,X=17.0603375 F= 6.7939923 SD= 2.9823 SDr= 3.0034
i=  7,E= 0.4891,Er= 0.4896,X=17.3570574 F= 6.6182320 SD= 2.9979 SDr= 3.0154
i=  9,E= 0.4895,Er= 0.4882,X=17.2110708 F= 6.4795847 SD= 3.0007 SDr= 2.9812
i=  5,E= 0.4892,Er= 0.4890,X=16.9658104 F= 6.6823266 SD= 3.0067 SDr= 3.0019
i=  8,E= 0.4894,Er= 0.4897,X=16.8665465 F= 6.7155237 SD= 3.0029 SDr= 3.0165
New 5 Sample, J=-1.426521 0.564703 0.424786 -0.432346 -0.509523 0.788417
i=  0,E= 0.4781,Er= 0.4773,X=22.1009137 F= 6.4094104 SD= 2.9533 SDr= 2.9423
i=  6,E= 0.4894,Er= 0.4892,X=16.5499129 F= 6.6071223 SD= 2.9924 SDr= 3.0077
i=  9,E= 0.4895,Er= 0.4882,X=17.2110708 F= 6.4795847 SD= 3.0007 SDr= 2.9812
i=  1,E= 0.4795,Er= 0.4794,X=21.4921996 F= 6.2904161 SD= 2.9876 SDr= 2.9978
i=  7,E= 0.4891,Er= 0.4896,X=17.3570574 F= 6.6182320 SD= 2.9979 SDr= 3.0154
New 5 Sample, J=-1.426521 0.564703 0.424786 -0.432346 -0.509523 0.788417
i=  2,E= 0.4798,Er= 0.4804,X=20.0761401 F= 6.5681450 SD= 2.9927 SDr= 3.0149
i=  8,E= 0.4894,Er= 0.4897,X=16.8665465 F= 6.7155237 SD= 3.0029 SDr= 3.0165
i=  0,E= 0.4781,Er= 0.4773,X=22.1009137 F= 6.4094104 SD= 2.9533 SDr= 2.9423
i=  3,E= 0.4796,Er= 0.4814,X=21.0927541 F= 6.5933697 SD= 3.0051 SDr= 3.0276
i=  9,E= 0.4895,Er= 0.4882,X=17.2110708 F= 6.4795847 SD= 3.0007 SDr= 2.9812
New 5 Sample, J=-1.426521 0.564703 0.424786 -0.432346 -0.509523 0.788417
i=  1,E= 0.4795,Er= 0.4794,X=21.4921996 F= 6.2904161 SD= 2.9876 SDr= 2.9978
i=  4,E= 0.4799,Er= 0.4794,X=21.0841893 F= 6.5019850 SD= 3.0098 SDr= 2.9877
i=  0,E= 0.4781,Er= 0.4773,X=22.1009137 F= 6.4094104 SD= 2.9533 SDr= 2.9423
i=  1,E= 0.4795,Er= 0.4794,X=21.4921996 F= 6.2904161 SD= 2.9876 SDr= 2.9978
i=  2,E= 0.4798,Er= 0.4804,X=20.0761401 F= 6.5681450 SD= 2.9927 SDr= 3.0149
i=  5,E= 0.4794,Er= 0.4787,X=21.9658618 F= 6.4010492 SD= 2.9869 SDr= 2.9719
i=  2,E= 0.4798,Er= 0.4804,X=20.0761401 F= 6.5681450 SD= 2.9927 SDr= 3.0149
i=  6,E= 0.4795,Er= 0.4801,X=22.0170123 F= 6.5535406 SD= 3.0031 SDr= 2.9923
i=  3,E= 0.4796,Er= 0.4814,X=21.0927541 F= 6.5933697 SD= 3.0051 SDr= 3.0276
i=  3,E= 0.4796,Er= 0.4814,X=21.0927541 F= 6.5933697 SD= 3.0051 SDr= 3.0276
i=  7,E= 0.4802,Er= 0.4796,X=22.2647789 F= 6.3880379 SD= 3.0070 SDr= 3.0166
i=  4,E= 0.4799,Er= 0.4794,X=21.0841893 F= 6.5019850 SD= 3.0098 SDr= 2.9877
i=  4,E= 0.4799,Er= 0.4794,X=21.0841893 F= 6.5019850 SD= 3.0098 SDr= 2.9877
i=  8,E= 0.4804,Er= 0.4806,X=21.6523773 F= 6.5249230 SD= 3.0078 SDr= 3.0169
i=  5,E= 0.4794,Er= 0.4787,X=21.9658618 F= 6.4010492 SD= 2.9869 SDr= 2.9719
i=  5,E= 0.4794,Er= 0.4787,X=21.9658618 F= 6.4010492 SD= 2.9869 SDr= 2.9719
i=  6,E= 0.4795,Er= 0.4801,X=22.0170123 F= 6.5535406 SD= 3.0031 SDr= 2.9923
i=  6,E= 0.4795,Er= 0.4801,X=22.0170123 F= 6.5535406 SD= 3.0031 SDr= 2.9923
i=  9,E= 0.4800,Er= 0.4790,X=21.0471936 F= 6.5760303 SD= 3.0193 SDr= 2.9932
i=  7,E= 0.4802,Er= 0.4796,X=22.2647789 F= 6.3880379 SD= 3.0070 SDr= 3.0166
New 6 Sample, J=1.420182 -1.176435 0.046719 0.757151 0.748869 -1.789319
i=  7,E= 0.4802,Er= 0.4796,X=22.2647789 F= 6.3880379 SD= 3.0070 SDr= 3.0166
i=  0,E= 0.5006,Er= 0.5001,X=22.3865120 F= 6.9697382 SD= 2.9914 SDr= 2.9680
i=  8,E= 0.4804,Er= 0.4806,X=21.6523773 F= 6.5249230 SD= 3.0078 SDr= 3.0169
i=  8,E= 0.4804,Er= 0.4806,X=21.6523773 F= 6.5249230 SD= 3.0078 SDr= 3.0169
i=  1,E= 0.5023,Er= 0.5023,X=23.4496809 F= 6.8729271 SD= 3.0106 SDr= 3.0269
i=  9,E= 0.4800,Er= 0.4790,X=21.0471936 F= 6.5760303 SD= 3.0193 SDr= 2.9932
i=  9,E= 0.4800,Er= 0.4790,X=21.0471936 F= 6.5760303 SD= 3.0193 SDr= 2.9932
New 6 Sample, J=1.420182 -1.176435 0.046719 0.757151 0.748869 -1.789319
New 6 Sample, J=1.420182 -1.176435 0.046719 0.757151 0.748869 -1.789319
i=  2,E= 0.5022,Er= 0.5020,X=22.0999434 F= 7.1012132 SD= 3.0133 SDr= 2.9934
i=  0,E= 0.5006,Er= 0.5001,X=22.3865120 F= 6.9697382 SD= 2.9914 SDr= 2.9680
i=  0,E= 0.5006,Er= 0.5001,X=22.3865120 F= 6.9697382 SD= 2.9914 SDr= 2.9680
i=  3,E= 0.5013,Er= 0.5026,X=23.3651153 F= 6.9175414 SD= 3.0077 SDr= 3.0017
i=  1,E= 0.5023,Er= 0.5023,X=23.4496809 F= 6.8729271 SD= 3.0106 SDr= 3.0269
i=  1,E= 0.5023,Er= 0.5023,X=23.4496809 F= 6.8729271 SD= 3.0106 SDr= 3.0269
i=  4,E= 0.5031,Er= 0.5006,X=23.0265511 F= 7.1120687 SD= 3.0232 SDr= 2.9817
i=  2,E= 0.5022,Er= 0.5020,X=22.0999434 F= 7.1012132 SD= 3.0133 SDr= 2.9934
i=  2,E= 0.5022,Er= 0.5020,X=22.0999434 F= 7.1012132 SD= 3.0133 SDr= 2.9934
i=  5,E= 0.5010,Er= 0.5015,X=21.0055719 F= 6.8720694 SD= 2.9949 SDr= 3.0030
i=  3,E= 0.5013,Er= 0.5026,X=23.3651153 F= 6.9175414 SD= 3.0077 SDr= 3.0017
i=  3,E= 0.5013,Er= 0.5026,X=23.3651153 F= 6.9175414 SD= 3.0077 SDr= 3.0017
i=  6,E= 0.5021,Er= 0.5021,X=22.3963000 F= 6.8681609 SD= 3.0070 SDr= 3.0210
i=  4,E= 0.5031,Er= 0.5006,X=23.0265511 F= 7.1120687 SD= 3.0232 SDr= 2.9817
i=  4,E= 0.5031,Er= 0.5006,X=23.0265511 F= 7.1120687 SD= 3.0232 SDr= 2.9817
i=  7,E= 0.5013,Er= 0.5027,X=23.2447217 F= 6.7992787 SD= 2.9913 SDr= 3.0225
i=  5,E= 0.5010,Er= 0.5015,X=21.0055719 F= 6.8720694 SD= 2.9949 SDr= 3.0030
i=  5,E= 0.5010,Er= 0.5015,X=21.0055719 F= 6.8720694 SD= 2.9949 SDr= 3.0030
i=  8,E= 0.5020,Er= 0.5021,X=23.0222903 F= 7.0439262 SD= 3.0078 SDr= 3.0105
i=  6,E= 0.5021,Er= 0.5021,X=22.3963000 F= 6.8681609 SD= 3.0070 SDr= 3.0210
i=  6,E= 0.5021,Er= 0.5021,X=22.3963000 F= 6.8681609 SD= 3.0070 SDr= 3.0210
i=  7,E= 0.5013,Er= 0.5027,X=23.2447217 F= 6.7992787 SD= 2.9913 SDr= 3.0225
i=  7,E= 0.5013,Er= 0.5027,X=23.2447217 F= 6.7992787 SD= 2.9913 SDr= 3.0225
i=  8,E= 0.5020,Er= 0.5021,X=23.0222903 F= 7.0439262 SD= 3.0078 SDr= 3.0105
i=  8,E= 0.5020,Er= 0.5021,X=23.0222903 F= 7.0439262 SD= 3.0078 SDr= 3.0105
i=  9,E= 0.5011,Er= 0.5018,X=23.0776603 F= 6.9147849 SD= 2.9860 SDr= 2.9987
i=  9,E= 0.5011,Er= 0.5018,X=23.0776603 F= 6.9147849 SD= 2.9860 SDr= 2.9987
i=  9,E= 0.5011,Er= 0.5018,X=23.0776603 F= 6.9147849 SD= 2.9860 SDr= 2.9987
New 7 Sample, J=1.310793 0.247586 0.213160 -0.620377 0.289578 0.420769
New 7 Sample, J=1.310793 0.247586 0.213160 -0.620377 0.289578 0.420769
New 7 Sample, J=1.310793 0.247586 0.213160 -0.620377 0.289578 0.420769
i=  0,E= 0.4766,Er= 0.4773,X=15.9093164 F= 6.1537390 SD= 2.9599 SDr= 2.9736
i=  0,E= 0.4766,Er= 0.4773,X=15.9093164 F= 6.1537390 SD= 2.9599 SDr= 2.9736
i=  0,E= 0.4766,Er= 0.4773,X=15.9093164 F= 6.1537390 SD= 2.9599 SDr= 2.9736
i=  1,E= 0.4780,Er= 0.4787,X=15.3642487 F= 6.2925212 SD= 2.9731 SDr= 3.0214
i=  1,E= 0.4780,Er= 0.4787,X=15.3642487 F= 6.2925212 SD= 2.9731 SDr= 3.0214
i=  2,E= 0.4799,Er= 0.4783,X=15.8477368 F= 6.3072878 SD= 3.0108 SDr= 2.9801
i=  2,E= 0.4799,Er= 0.4783,X=15.8477368 F= 6.3072878 SD= 3.0108 SDr= 2.9801
i=  1,E= 0.4780,Er= 0.4787,X=15.3642487 F= 6.2925212 SD= 2.9731 SDr= 3.0214
i=  3,E= 0.4781,Er= 0.4789,X=15.4860663 F= 6.1238196 SD= 2.9937 SDr= 3.0352
i=  2,E= 0.4799,Er= 0.4783,X=15.8477368 F= 6.3072878 SD= 3.0108 SDr= 2.9801
i=  4,E= 0.4790,Er= 0.4789,X=16.2332678 F= 6.3452851 SD= 3.0028 SDr= 2.9906
i=  3,E= 0.4781,Er= 0.4789,X=15.4860663 F= 6.1238196 SD= 2.9937 SDr= 3.0352
i=  3,E= 0.4781,Er= 0.4789,X=15.4860663 F= 6.1238196 SD= 2.9937 SDr= 3.0352
i=  5,E= 0.4788,Er= 0.4792,X=15.4893810 F= 6.2828466 SD= 3.0058 SDr= 3.0300
i=  4,E= 0.4790,Er= 0.4789,X=16.2332678 F= 6.3452851 SD= 3.0028 SDr= 2.9906
i=  6,E= 0.4781,Er= 0.4783,X=16.0322937 F= 6.2043063 SD= 2.9795 SDr= 2.9848
i=  5,E= 0.4788,Er= 0.4792,X=15.4893810 F= 6.2828466 SD= 3.0058 SDr= 3.0300
i=  7,E= 0.4802,Er= 0.4793,X=16.5703383 F= 6.3466183 SD= 3.0334 SDr= 3.0158
i=  6,E= 0.4781,Er= 0.4783,X=16.0322937 F= 6.2043063 SD= 2.9795 SDr= 2.9848
i=  8,E= 0.4800,Er= 0.4787,X=16.7549931 F= 6.1310779 SD= 3.0386 SDr= 2.9924
i=  4,E= 0.4790,Er= 0.4789,X=16.2332678 F= 6.3452851 SD= 3.0028 SDr= 2.9906
i=  7,E= 0.4802,Er= 0.4793,X=16.5703383 F= 6.3466183 SD= 3.0334 SDr= 3.0158
i=  9,E= 0.4791,Er= 0.4776,X=15.1990751 F= 6.0949230 SD= 2.9988 SDr= 2.9871
i=  5,E= 0.4788,Er= 0.4792,X=15.4893810 F= 6.2828466 SD= 3.0058 SDr= 3.0300
i=  8,E= 0.4800,Er= 0.4787,X=16.7549931 F= 6.1310779 SD= 3.0386 SDr= 2.9924
i=  6,E= 0.4781,Er= 0.4783,X=16.0322937 F= 6.2043063 SD= 2.9795 SDr= 2.9848
i=  9,E= 0.4791,Er= 0.4776,X=15.1990751 F= 6.0949230 SD= 2.9988 SDr= 2.9871
New 8 Sample, J=0.274008 0.413178 0.642969 0.159640 -1.106762 0.379753
i=  0,E= 0.5054,Er= 0.5044,X=19.3105729 F= 6.8621450 SD= 2.9744 SDr= 2.9499
New 8 Sample, J=0.274008 0.413178 0.642969 0.159640 -1.106762 0.379753
i=  1,E= 0.5063,Er= 0.5057,X=17.7851971 F= 7.0996631 SD= 2.9951 SDr= 2.9736
i=  7,E= 0.4802,Er= 0.4793,X=16.5703383 F= 6.3466183 SD= 3.0334 SDr= 3.0158
i=  0,E= 0.5054,Er= 0.5044,X=19.3105729 F= 6.8621450 SD= 2.9744 SDr= 2.9499
i=  2,E= 0.5067,Er= 0.5074,X=18.8283869 F= 7.1156935 SD= 2.9991 SDr= 3.0134
i=  8,E= 0.4800,Er= 0.4787,X=16.7549931 F= 6.1310779 SD= 3.0386 SDr= 2.9924
i=  1,E= 0.5063,Er= 0.5057,X=17.7851971 F= 7.0996631 SD= 2.9951 SDr= 2.9736
i=  3,E= 0.5062,Er= 0.5068,X=19.1616348 F= 7.0689692 SD= 3.0067 SDr= 2.9907
i=  9,E= 0.4791,Er= 0.4776,X=15.1990751 F= 6.0949230 SD= 2.9988 SDr= 2.9871
i=  2,E= 0.5067,Er= 0.5074,X=18.8283869 F= 7.1156935 SD= 2.9991 SDr= 3.0134
i=  4,E= 0.5065,Er= 0.5061,X=19.8274869 F= 6.8828698 SD= 2.9993 SDr= 2.9755
New 8 Sample, J=0.274008 0.413178 0.642969 0.159640 -1.106762 0.379753
i=  3,E= 0.5062,Er= 0.5068,X=19.1616348 F= 7.0689692 SD= 3.0067 SDr= 2.9907
i=  0,E= 0.5054,Er= 0.5044,X=19.3105729 F= 6.8621450 SD= 2.9744 SDr= 2.9499
i=  5,E= 0.5064,Er= 0.5070,X=18.4903618 F= 7.1661809 SD= 3.0105 SDr= 3.0124
i=  4,E= 0.5065,Er= 0.5061,X=19.8274869 F= 6.8828698 SD= 2.9993 SDr= 2.9755
i=  1,E= 0.5063,Er= 0.5057,X=17.7851971 F= 7.0996631 SD= 2.9951 SDr= 2.9736
i=  6,E= 0.5075,Er= 0.5068,X=18.2753411 F= 7.1910349 SD= 3.0037 SDr= 2.9936
i=  5,E= 0.5064,Er= 0.5070,X=18.4903618 F= 7.1661809 SD= 3.0105 SDr= 3.0124
i=  2,E= 0.5067,Er= 0.5074,X=18.8283869 F= 7.1156935 SD= 2.9991 SDr= 3.0134
i=  7,E= 0.5071,Er= 0.5077,X=19.0088414 F= 7.0869318 SD= 2.9898 SDr= 2.9959
i=  6,E= 0.5075,Er= 0.5068,X=18.2753411 F= 7.1910349 SD= 3.0037 SDr= 2.9936
i=  3,E= 0.5062,Er= 0.5068,X=19.1616348 F= 7.0689692 SD= 3.0067 SDr= 2.9907
i=  8,E= 0.5064,Er= 0.5068,X=19.6132446 F= 6.9846339 SD= 2.9886 SDr= 3.0286
i=  7,E= 0.5071,Er= 0.5077,X=19.0088414 F= 7.0869318 SD= 2.9898 SDr= 2.9959
i=  4,E= 0.5065,Er= 0.5061,X=19.8274869 F= 6.8828698 SD= 2.9993 SDr= 2.9755
i=  9,E= 0.5062,Er= 0.5059,X=19.1539691 F= 7.0509527 SD= 2.9745 SDr= 2.9690
New 9 Sample, J=0.507504 -0.162716 0.589345 1.071766 1.083918 0.946072
i=  5,E= 0.5064,Er= 0.5070,X=18.4903618 F= 7.1661809 SD= 3.0105 SDr= 3.0124
i=  8,E= 0.5064,Er= 0.5068,X=19.6132446 F= 6.9846339 SD= 2.9886 SDr= 3.0286
i=  0,E= 0.5013,Er= 0.5021,X=18.2662060 F= 6.5476970 SD= 2.9829 SDr= 2.9838
i=  6,E= 0.5075,Er= 0.5068,X=18.2753411 F= 7.1910349 SD= 3.0037 SDr= 2.9936
i=  9,E= 0.5062,Er= 0.5059,X=19.1539691 F= 7.0509527 SD= 2.9745 SDr= 2.9690
i=  1,E= 0.5025,Er= 0.5022,X=19.3226043 F= 6.4184475 SD= 3.0078 SDr= 2.9986
New 9 Sample, J=0.507504 -0.162716 0.589345 1.071766 1.083918 0.946072
i=  7,E= 0.5071,Er= 0.5077,X=19.0088414 F= 7.0869318 SD= 2.9898 SDr= 2.9959
i=  0,E= 0.5013,Er= 0.5021,X=18.2662060 F= 6.5476970 SD= 2.9829 SDr= 2.9838
i=  2,E= 0.5028,Er= 0.5032,X=19.1628661 F= 6.4488526 SD= 3.0114 SDr= 3.0004
i=  8,E= 0.5064,Er= 0.5068,X=19.6132446 F= 6.9846339 SD= 2.9886 SDr= 3.0286
i=  1,E= 0.5025,Er= 0.5022,X=19.3226043 F= 6.4184475 SD= 3.0078 SDr= 2.9986
i=  3,E= 0.5021,Er= 0.5021,X=18.3224659 F= 6.4245892 SD= 2.9994 SDr= 3.0053
i=  9,E= 0.5062,Er= 0.5059,X=19.1539691 F= 7.0509527 SD= 2.9745 SDr= 2.9690
i=  4,E= 0.5037,Er= 0.5022,X=19.0410431 F= 6.5265028 SD= 3.0123 SDr= 3.0125
i=  2,E= 0.5028,Er= 0.5032,X=19.1628661 F= 6.4488526 SD= 3.0114 SDr= 3.0004
New 9 Sample, J=0.507504 -0.162716 0.589345 1.071766 1.083918 0.946072
i=  5,E= 0.5025,Er= 0.5025,X=19.9282256 F= 6.3429472 SD= 2.9987 SDr= 3.0042
i=  3,E= 0.5021,Er= 0.5021,X=18.3224659 F= 6.4245892 SD= 2.9994 SDr= 3.0053
i=  0,E= 0.5013,Er= 0.5021,X=18.2662060 F= 6.5476970 SD= 2.9829 SDr= 2.9838
i=  6,E= 0.5033,Er= 0.5027,X=19.1390171 F= 6.3578922 SD= 3.0003 SDr= 3.0190
i=  1,E= 0.5025,Er= 0.5022,X=19.3226043 F= 6.4184475 SD= 3.0078 SDr= 2.9986
i=  4,E= 0.5037,Er= 0.5022,X=19.0410431 F= 6.5265028 SD= 3.0123 SDr= 3.0125
i=  2,E= 0.5028,Er= 0.5032,X=19.1628661 F= 6.4488526 SD= 3.0114 SDr= 3.0004
i=  7,E= 0.5017,Er= 0.5034,X=19.4082314 F= 6.3945847 SD= 2.9696 SDr= 3.0150
i=  5,E= 0.5025,Er= 0.5025,X=19.9282256 F= 6.3429472 SD= 2.9987 SDr= 3.0042
i=  3,E= 0.5021,Er= 0.5021,X=18.3224659 F= 6.4245892 SD= 2.9994 SDr= 3.0053
i=  8,E= 0.5020,Er= 0.5029,X=17.8776879 F= 6.4551284 SD= 3.0026 SDr= 3.0264
i=  6,E= 0.5033,Er= 0.5027,X=19.1390171 F= 6.3578922 SD= 3.0003 SDr= 3.0190
i=  4,E= 0.5037,Er= 0.5022,X=19.0410431 F= 6.5265028 SD= 3.0123 SDr= 3.0125
i=  7,E= 0.5017,Er= 0.5034,X=19.4082314 F= 6.3945847 SD= 2.9696 SDr= 3.0150
i=  9,E= 0.5018,Er= 0.5037,X=18.2653997 F= 6.4627553 SD= 2.9914 SDr= 3.0448
copiado input a ./L8/002/sam_009/
i=  5,E= 0.5025,Er= 0.5025,X=19.9282256 F= 6.3429472 SD= 2.9987 SDr= 3.0042
i=  8,E= 0.5020,Er= 0.5029,X=17.8776879 F= 6.4551284 SD= 3.0026 SDr= 3.0264
i=  6,E= 0.5033,Er= 0.5027,X=19.1390171 F= 6.3578922 SD= 3.0003 SDr= 3.0190
i=  9,E= 0.5018,Er= 0.5037,X=18.2653997 F= 6.4627553 SD= 2.9914 SDr= 3.0448
copiado input a ./L8/003/sam_009/
i=  7,E= 0.5017,Er= 0.5034,X=19.4082314 F= 6.3945847 SD= 2.9696 SDr= 3.0150
i=  8,E= 0.5020,Er= 0.5029,X=17.8776879 F= 6.4551284 SD= 3.0026 SDr= 3.0264
i=  9,E= 0.5018,Er= 0.5037,X=18.2653997 F= 6.4627553 SD= 2.9914 SDr= 3.0448
copiado input a ./L8/001/sam_009/
post_run_hook called
pack the data
tar cvzf resultadoMihai.tar.gz P8
delete old file if it is thre
upload the data to SE
guid:ff9a4ae2-0392-4dfa-a458-3881d25ffc93
lcg-cr --vo biomed -d storm-se-01.ba.infn.it -l lfn:/grid/biomed/MPG_15_16/resultadoMihai.tar.gz file:///home/biomed26116/home_cream_481720406/CREAM481720406/resultadoMihai.tar.gz
