mpi.c
tools.c
tools.h
Makefile
mpicc -o mpi.out ./tools.c mpi.c -lm
CMA: unable to get RDMA device list
CMA: unable to get RDMA device list
CMA: unable to get RDMA device list
CMA: unable to get RDMA device list
CMA: unable to get RDMA device list
CMA: unable to get RDMA device list
CMA: unable to get RDMA device list
CMA: unable to get RDMA device list
CMA: unable to get RDMA device list
CMA: unable to get RDMA device list
CMA: unable to get RDMA device list
CMA: unable to get RDMA device list
CMA: unable to get RDMA device list
CMA: unable to get RDMA device list
CMA: unable to get RDMA device list
CMA: unable to get RDMA device list
4000;0.063013;2.635599;0.050861;0.270683;2.749473;16
